This is pdfTeX, Version 3.14159265-2.6-1.40.16 (TeX Live 2015/Debian) (preloaded format=pdflatex 2018.1.5)  23 JAN 2018 21:38
entering extended mode
 restricted \write18 enabled.
 %&-line parsing enabled.
**paper.tex
(./paper.tex
LaTeX2e <2016/02/01>
Babel <3.9q> and hyphenation patterns for 3 language(s) loaded.
(/usr/share/texmf/tex/latex/lyx/elsarticle.cls
Document Class: elsarticle 2009/09/17, 1.20b: Elsevier Ltd
\@bls=\dimen102
(/usr/share/texlive/texmf-dist/tex/latex/base/article.cls
Document Class: article 2014/09/29 v1.4h Standard LaTeX document class
(/usr/share/texlive/texmf-dist/tex/latex/base/size10.clo
File: size10.clo 2014/09/29 v1.4h Standard LaTeX file (size option)
)
\c@part=\count79
\c@section=\count80
\c@subsection=\count81
\c@subsubsection=\count82
\c@paragraph=\count83
\c@subparagraph=\count84
\c@figure=\count85
\c@table=\count86
\abovecaptionskip=\skip41
\belowcaptionskip=\skip42
\bibindent=\dimen103
)
(/usr/share/texlive/texmf-dist/tex/latex/graphics/graphicx.sty
Package: graphicx 2014/10/28 v1.0g Enhanced LaTeX Graphics (DPC,SPQR)

(/usr/share/texlive/texmf-dist/tex/latex/graphics/keyval.sty
Package: keyval 2014/10/28 v1.15 key=value parser (DPC)
\KV@toks@=\toks14
)
(/usr/share/texlive/texmf-dist/tex/latex/graphics/graphics.sty
Package: graphics 2016/01/03 v1.0q Standard LaTeX Graphics (DPC,SPQR)

(/usr/share/texlive/texmf-dist/tex/latex/graphics/trig.sty
Package: trig 2016/01/03 v1.10 sin cos tan (DPC)
)
(/usr/share/texlive/texmf-dist/tex/latex/latexconfig/graphics.cfg
File: graphics.cfg 2010/04/23 v1.9 graphics configuration of TeX Live
)
Package graphics Info: Driver file: pdftex.def on input line 95.

(/usr/share/texlive/texmf-dist/tex/latex/pdftex-def/pdftex.def
File: pdftex.def 2011/05/27 v0.06d Graphics/color for pdfTeX

(/usr/share/texlive/texmf-dist/tex/generic/oberdiek/infwarerr.sty
Package: infwarerr 2010/04/08 v1.3 Providing info/warning/error messages (HO)
)
(/usr/share/texlive/texmf-dist/tex/generic/oberdiek/ltxcmds.sty
Package: ltxcmds 2011/11/09 v1.22 LaTeX kernel commands for general use (HO)
)
\Gread@gobject=\count87
))
\Gin@req@height=\dimen104
\Gin@req@width=\dimen105
)
(/usr/share/texlive/texmf-dist/tex/latex/psnfss/pifont.sty
Package: pifont 2005/04/12 PSNFSS-v9.2a Pi font support (SPQR) 
LaTeX Font Info:    Try loading font information for U+pzd on input line 63.

(/usr/share/texlive/texmf-dist/tex/latex/psnfss/upzd.fd
File: upzd.fd 2001/06/04 font definitions for U/pzd.
)
LaTeX Font Info:    Try loading font information for U+psy on input line 64.

(/usr/share/texlive/texmf-dist/tex/latex/psnfss/upsy.fd
File: upsy.fd 2001/06/04 font definitions for U/psy.
))
\c@tnote=\count88
\c@fnote=\count89
\c@cnote=\count90
\c@ead=\count91
\c@author=\count92
\@eadauthor=\toks15
\c@affn=\count93
\absbox=\box26
\keybox=\box27
\Columnwidth=\dimen106
\space@left=\dimen107
\els@boxa=\box28
\els@boxb=\box29
\leftMargin=\dimen108
\@enLab=\toks16
\@sep=\skip43
\@@sep=\skip44
 (./paper.spl)
(/usr/share/texlive/texmf-dist/tex/latex/natbib/natbib.sty
Package: natbib 2010/09/13 8.31b (PWD, AO)
\bibhang=\skip45
\bibsep=\skip46
LaTeX Info: Redefining \cite on input line 694.
\c@NAT@ctr=\count94
)
\splwrite=\write3
\openout3 = `paper.spl'.

\appnamewidth=\dimen109
)
(/usr/share/texlive/texmf-dist/tex/latex/lineno/lineno.sty
Package: lineno 2005/11/02 line numbers on paragraphs v4.41
\linenopenalty=\count95
\output=\toks17
\linenoprevgraf=\count96
\linenumbersep=\dimen110
\linenumberwidth=\dimen111
\c@linenumber=\count97
\c@pagewiselinenumber=\count98
\c@LN@truepage=\count99
\c@internallinenumber=\count100
\c@internallinenumbers=\count101
\quotelinenumbersep=\dimen112
\bframerule=\dimen113
\bframesep=\dimen114
\bframebox=\box30
LaTeX Info: Redefining \\ on input line 3056.
)
(/usr/share/texlive/texmf-dist/tex/latex/hyperref/hyperref.sty
Package: hyperref 2012/11/06 v6.83m Hypertext links for LaTeX

(/usr/share/texlive/texmf-dist/tex/generic/oberdiek/hobsub-hyperref.sty
Package: hobsub-hyperref 2012/05/28 v1.13 Bundle oberdiek, subset hyperref (HO)


(/usr/share/texlive/texmf-dist/tex/generic/oberdiek/hobsub-generic.sty
Package: hobsub-generic 2012/05/28 v1.13 Bundle oberdiek, subset generic (HO)
Package: hobsub 2012/05/28 v1.13 Construct package bundles (HO)
Package hobsub Info: Skipping package `infwarerr' (already loaded).
Package hobsub Info: Skipping package `ltxcmds' (already loaded).
Package: ifluatex 2010/03/01 v1.3 Provides the ifluatex switch (HO)
Package ifluatex Info: LuaTeX not detected.
Package: ifvtex 2010/03/01 v1.5 Detect VTeX and its facilities (HO)
Package ifvtex Info: VTeX not detected.
Package: intcalc 2007/09/27 v1.1 Expandable calculations with integers (HO)
Package: ifpdf 2011/01/30 v2.3 Provides the ifpdf switch (HO)
Package ifpdf Info: pdfTeX in PDF mode is detected.
Package: etexcmds 2011/02/16 v1.5 Avoid name clashes with e-TeX commands (HO)
Package etexcmds Info: Could not find \expanded.
(etexcmds)             That can mean that you are not using pdfTeX 1.50 or
(etexcmds)             that some package has redefined \expanded.
(etexcmds)             In the latter case, load this package earlier.
Package: kvsetkeys 2012/04/25 v1.16 Key value parser (HO)
Package: kvdefinekeys 2011/04/07 v1.3 Define keys (HO)
Package: pdftexcmds 2011/11/29 v0.20 Utility functions of pdfTeX for LuaTeX (HO
)
Package pdftexcmds Info: LuaTeX not detected.
Package pdftexcmds Info: \pdf@primitive is available.
Package pdftexcmds Info: \pdf@ifprimitive is available.
Package pdftexcmds Info: \pdfdraftmode found.
Package: pdfescape 2011/11/25 v1.13 Implements pdfTeX's escape features (HO)
Package: bigintcalc 2012/04/08 v1.3 Expandable calculations on big integers (HO
)
Package: bitset 2011/01/30 v1.1 Handle bit-vector datatype (HO)
Package: uniquecounter 2011/01/30 v1.2 Provide unlimited unique counter (HO)
)
Package hobsub Info: Skipping package `hobsub' (already loaded).
Package: letltxmacro 2010/09/02 v1.4 Let assignment for LaTeX macros (HO)
Package: hopatch 2012/05/28 v1.2 Wrapper for package hooks (HO)
Package: xcolor-patch 2011/01/30 xcolor patch
Package: atveryend 2011/06/30 v1.8 Hooks at the very end of document (HO)
Package atveryend Info: \enddocument detected (standard20110627).
Package: atbegshi 2011/10/05 v1.16 At begin shipout hook (HO)
Package: refcount 2011/10/16 v3.4 Data extraction from label references (HO)
Package: hycolor 2011/01/30 v1.7 Color options for hyperref/bookmark (HO)
)
(/usr/share/texlive/texmf-dist/tex/generic/ifxetex/ifxetex.sty
Package: ifxetex 2010/09/12 v0.6 Provides ifxetex conditional
)
(/usr/share/texlive/texmf-dist/tex/latex/oberdiek/auxhook.sty
Package: auxhook 2011/03/04 v1.3 Hooks for auxiliary files (HO)
)
(/usr/share/texlive/texmf-dist/tex/latex/oberdiek/kvoptions.sty
Package: kvoptions 2011/06/30 v3.11 Key value format for package options (HO)
)
\@linkdim=\dimen115
\Hy@linkcounter=\count102
\Hy@pagecounter=\count103

(/usr/share/texlive/texmf-dist/tex/latex/hyperref/pd1enc.def
File: pd1enc.def 2012/11/06 v6.83m Hyperref: PDFDocEncoding definition (HO)
)
\Hy@SavedSpaceFactor=\count104

(/usr/share/texlive/texmf-dist/tex/latex/latexconfig/hyperref.cfg
File: hyperref.cfg 2002/06/06 v1.2 hyperref configuration of TeXLive
)
Package hyperref Info: Hyper figures OFF on input line 4443.
Package hyperref Info: Link nesting OFF on input line 4448.
Package hyperref Info: Hyper index ON on input line 4451.
Package hyperref Info: Plain pages OFF on input line 4458.
Package hyperref Info: Backreferencing OFF on input line 4463.
Package hyperref Info: Implicit mode ON; LaTeX internals redefined.
Package hyperref Info: Bookmarks ON on input line 4688.
\c@Hy@tempcnt=\count105

(/usr/share/texlive/texmf-dist/tex/latex/url/url.sty
\Urlmuskip=\muskip10
Package: url 2013/09/16  ver 3.4  Verb mode for urls, etc.
)
LaTeX Info: Redefining \url on input line 5041.
\XeTeXLinkMargin=\dimen116
\Fld@menulength=\count106
\Field@Width=\dimen117
\Fld@charsize=\dimen118
Package hyperref Info: Hyper figures OFF on input line 6295.
Package hyperref Info: Link nesting OFF on input line 6300.
Package hyperref Info: Hyper index ON on input line 6303.
Package hyperref Info: backreferencing OFF on input line 6310.
Package hyperref Info: Link coloring OFF on input line 6315.
Package hyperref Info: Link coloring with OCG OFF on input line 6320.
Package hyperref Info: PDF/A mode OFF on input line 6325.
LaTeX Info: Redefining \ref on input line 6365.
LaTeX Info: Redefining \pageref on input line 6369.
\Hy@abspage=\count107
\c@Item=\count108
\c@Hfootnote=\count109
)

Package hyperref Message: Driver (autodetected): hpdftex.

(/usr/share/texlive/texmf-dist/tex/latex/hyperref/hpdftex.def
File: hpdftex.def 2012/11/06 v6.83m Hyperref driver for pdfTeX
\Fld@listcount=\count110
\c@bookmark@seq@number=\count111

(/usr/share/texlive/texmf-dist/tex/latex/oberdiek/rerunfilecheck.sty
Package: rerunfilecheck 2011/04/15 v1.7 Rerun checks for auxiliary files (HO)
Package uniquecounter Info: New unique counter `rerunfilecheck' on input line 2
82.
)
\Hy@SectionHShift=\skip47
)
(/usr/share/texlive/texmf-dist/tex/latex/tools/bm.sty
Package: bm 2014/10/28 v1.1c Bold Symbol Support (DPC/FMi)
\symboldoperators=\mathgroup4
\symboldletters=\mathgroup5
\symboldsymbols=\mathgroup6
LaTeX Font Info:    Redeclaring math alphabet \mathbf on input line 141.
LaTeX Info: Redefining \bm on input line 207.
)
(/usr/share/texlive/texmf-dist/tex/latex/float/float.sty
Package: float 2001/11/08 v1.3d Float enhancements (AL)
\c@float@type=\count112
\float@exts=\toks18
\float@box=\box31
\@float@everytoks=\toks19
\@floatcapt=\box32
)
(/usr/share/texlive/texmf-dist/tex/latex/subfig/subfig.sty
Package: subfig 2005/06/28 ver: 1.3 subfig package

(/usr/share/texlive/texmf-dist/tex/latex/caption/caption.sty
Package: caption 2016/02/21 v3.3-144 Customizing captions (AR)

(/usr/share/texlive/texmf-dist/tex/latex/caption/caption3.sty
Package: caption3 2016/02/04 v1.7-139 caption3 kernel (AR)
Package caption3 Info: TeX engine: e-TeX on input line 67.
\captionmargin=\dimen119
\captionmargin@=\dimen120
\captionwidth=\dimen121
\caption@tempdima=\dimen122
\caption@indent=\dimen123
\caption@parindent=\dimen124
\caption@hangindent=\dimen125
)
\c@ContinuedFloat=\count113
Package caption Info: float package is loaded.
Package caption Info: hyperref package is loaded.
)
\c@KVtest=\count114
\sf@farskip=\skip48
\sf@captopadj=\dimen126
\sf@capskip=\skip49
\sf@nearskip=\skip50
\c@subfigure=\count115
\c@subfigure@save=\count116
\c@lofdepth=\count117
\c@subtable=\count118
\c@subtable@save=\count119
\c@lotdepth=\count120
\sf@top=\skip51
\sf@bottom=\skip52
)
(/usr/share/texlive/texmf-dist/tex/latex/graphics/color.sty
Package: color 2016/01/03 v1.1b Standard LaTeX Color (DPC)

(/usr/share/texlive/texmf-dist/tex/latex/latexconfig/color.cfg
File: color.cfg 2007/01/18 v1.5 color configuration of teTeX/TeXLive
)
Package color Info: Driver file: pdftex.def on input line 143.
)
(/usr/share/texlive/texmf-dist/tex/latex/amsmath/amsmath.sty
Package: amsmath 2016/03/03 v2.15a AMS math features
\@mathmargin=\skip53

For additional information on amsmath, use the `?' option.
(/usr/share/texlive/texmf-dist/tex/latex/amsmath/amstext.sty
Package: amstext 2000/06/29 v2.01 AMS text

(/usr/share/texlive/texmf-dist/tex/latex/amsmath/amsgen.sty
File: amsgen.sty 1999/11/30 v2.0 generic functions
\@emptytoks=\toks20
\ex@=\dimen127
))
(/usr/share/texlive/texmf-dist/tex/latex/amsmath/amsbsy.sty
Package: amsbsy 1999/11/29 v1.2d Bold Symbols
LaTeX Info: Redefining \boldsymbol on input line 28.
\pmbraise@=\dimen128
)
(/usr/share/texlive/texmf-dist/tex/latex/amsmath/amsopn.sty
Package: amsopn 1999/12/14 v2.01 operator names
)
\inf@bad=\count121
LaTeX Info: Redefining \frac on input line 199.
\uproot@=\count122
\leftroot@=\count123
LaTeX Info: Redefining \overline on input line 297.
\classnum@=\count124
\DOTSCASE@=\count125
LaTeX Info: Redefining \ldots on input line 394.
LaTeX Info: Redefining \dots on input line 397.
LaTeX Info: Redefining \cdots on input line 518.
\Mathstrutbox@=\box33
\strutbox@=\box34
\big@size=\dimen129
LaTeX Font Info:    Redeclaring font encoding OML on input line 630.
LaTeX Font Info:    Redeclaring font encoding OMS on input line 631.
\macc@depth=\count126
\c@MaxMatrixCols=\count127
\dotsspace@=\muskip11
\c@parentequation=\count128
\dspbrk@lvl=\count129
\tag@help=\toks21
\row@=\count130
\column@=\count131
\maxfields@=\count132
\andhelp@=\toks22
\eqnshift@=\dimen130
\alignsep@=\dimen131
\tagshift@=\dimen132
\tagwidth@=\dimen133
\totwidth@=\dimen134
\lineht@=\dimen135
\@envbody=\toks23
\multlinegap=\skip54
\multlinetaggap=\skip55
\mathdisplay@stack=\toks24
LaTeX Info: Redefining \[ on input line 2735.
LaTeX Info: Redefining \] on input line 2736.
)
(/usr/share/texlive/texmf-dist/tex/latex/amsfonts/amssymb.sty
Package: amssymb 2013/01/14 v3.01 AMS font symbols

(/usr/share/texlive/texmf-dist/tex/latex/amsfonts/amsfonts.sty
Package: amsfonts 2013/01/14 v3.01 Basic AMSFonts support
\symAMSa=\mathgroup7
\symAMSb=\mathgroup8
LaTeX Font Info:    Overwriting math alphabet `\mathfrak' in version `bold'
(Font)                  U/euf/m/n --> U/euf/b/n on input line 106.
))
(/usr/share/texlive/texmf-dist/tex/latex/multirow/multirow.sty
\bigstrutjot=\dimen136
)
(/usr/share/texlive/texmf-dist/tex/latex/rotating/rotating.sty
Package: rotating 2009/03/28 v2.16a rotated objects in LaTeX

(/usr/share/texlive/texmf-dist/tex/latex/base/ifthen.sty
Package: ifthen 2014/09/29 v1.1c Standard LaTeX ifthen package (DPC)
)
\c@r@tfl@t=\count133
\rotFPtop=\skip56
\rotFPbot=\skip57
\rot@float@box=\box35
\rot@mess@toks=\toks25
)
(/usr/share/texlive/texmf-dist/tex/latex/tools/array.sty
Package: array 2014/10/28 v2.4c Tabular extension package (FMi)
\col@sep=\dimen137
\extrarowheight=\dimen138
\NC@list=\toks26
\extratabsurround=\skip58
\backup@length=\skip59
)
(/usr/share/texlive/texmf-dist/tex/latex/adjustbox/adjustbox.sty
Package: adjustbox 2012/05/21 v1.0 Adjusting TeX boxes (trim, clip, ...)

(/usr/share/texlive/texmf-dist/tex/latex/xkeyval/xkeyval.sty
Package: xkeyval 2014/12/03 v2.7a package option processing (HA)

(/usr/share/texlive/texmf-dist/tex/generic/xkeyval/xkeyval.tex
(/usr/share/texlive/texmf-dist/tex/generic/xkeyval/xkvutils.tex
\XKV@toks=\toks27
\XKV@tempa@toks=\toks28
)
\XKV@depth=\count134
File: xkeyval.tex 2014/12/03 v2.7a key=value parser (HA)
))
(/usr/share/texlive/texmf-dist/tex/latex/adjustbox/adjcalc.sty
Package: adjcalc 2012/05/16 v1.1 Provides advanced setlength with multiple back
-ends (calc, etex, pgfmath)
)
(/usr/share/texlive/texmf-dist/tex/latex/adjustbox/trimclip.sty
Package: trimclip 2012/05/16 v1.0 Trim and clip general TeX material

(/usr/share/texlive/texmf-dist/tex/latex/collectbox/collectbox.sty
Package: collectbox 2012/05/17 v0.4b Collect macro arguments as boxes
\collectedbox=\box36
)
\tc@llx=\dimen139
\tc@lly=\dimen140
\tc@urx=\dimen141
\tc@ury=\dimen142
Package trimclip Info: Using driver 'tc-pdftex.def'.

(/usr/share/texlive/texmf-dist/tex/latex/adjustbox/tc-pdftex.def
File: tc-pdftex.def 2012/05/13 v1.0 Clipping driver for pdftex
))
\adjbox@Width=\dimen143
\adjbox@Height=\dimen144
\adjbox@Depth=\dimen145
\adjbox@Totalheight=\dimen146

(/usr/share/texlive/texmf-dist/tex/latex/ifoddpage/ifoddpage.sty
Package: ifoddpage 2011/09/13 v1.0 Conditionals for odd/even page detection
\c@checkoddpage=\count135
)
(/usr/share/texlive/texmf-dist/tex/latex/varwidth/varwidth.sty
Package: varwidth 2009/03/30 ver 0.92;  Variable-width minipages
\@vwid@box=\box37
\sift@deathcycles=\count136
\@vwid@loff=\dimen147
\@vwid@roff=\dimen148
))
(/usr/share/texlive/texmf-dist/tex/latex/base/fontenc.sty
Package: fontenc 2005/09/27 v1.99g Standard LaTeX package

(/usr/share/texlive/texmf-dist/tex/latex/base/t1enc.def
File: t1enc.def 2005/09/27 v1.99g Standard LaTeX file
LaTeX Font Info:    Redeclaring font encoding T1 on input line 48.
))
(/usr/share/texlive/texmf-dist/tex/latex/base/inputenc.sty
Package: inputenc 2015/03/17 v1.2c Input encoding file
\inpenc@prehook=\toks29
\inpenc@posthook=\toks30

(/usr/share/texlive/texmf-dist/tex/latex/base/utf8.def
File: utf8.def 2015/12/03 v1.1r UTF-8 support for inputenc
Now handling font encoding OML ...
... no UTF-8 mapping file for font encoding OML
Now handling font encoding T1 ...
... processing UTF-8 mapping file for font encoding T1

(/usr/share/texlive/texmf-dist/tex/latex/base/t1enc.dfu
File: t1enc.dfu 2015/12/03 v1.1r UTF-8 support for inputenc
   defining Unicode char U+00A0 (decimal 160)
   defining Unicode char U+00A1 (decimal 161)
   defining Unicode char U+00A3 (decimal 163)
   defining Unicode char U+00AB (decimal 171)
   defining Unicode char U+00AD (decimal 173)
   defining Unicode char U+00BB (decimal 187)
   defining Unicode char U+00BF (decimal 191)
   defining Unicode char U+00C0 (decimal 192)
   defining Unicode char U+00C1 (decimal 193)
   defining Unicode char U+00C2 (decimal 194)
   defining Unicode char U+00C3 (decimal 195)
   defining Unicode char U+00C4 (decimal 196)
   defining Unicode char U+00C5 (decimal 197)
   defining Unicode char U+00C6 (decimal 198)
   defining Unicode char U+00C7 (decimal 199)
   defining Unicode char U+00C8 (decimal 200)
   defining Unicode char U+00C9 (decimal 201)
   defining Unicode char U+00CA (decimal 202)
   defining Unicode char U+00CB (decimal 203)
   defining Unicode char U+00CC (decimal 204)
   defining Unicode char U+00CD (decimal 205)
   defining Unicode char U+00CE (decimal 206)
   defining Unicode char U+00CF (decimal 207)
   defining Unicode char U+00D0 (decimal 208)
   defining Unicode char U+00D1 (decimal 209)
   defining Unicode char U+00D2 (decimal 210)
   defining Unicode char U+00D3 (decimal 211)
   defining Unicode char U+00D4 (decimal 212)
   defining Unicode char U+00D5 (decimal 213)
   defining Unicode char U+00D6 (decimal 214)
   defining Unicode char U+00D8 (decimal 216)
   defining Unicode char U+00D9 (decimal 217)
   defining Unicode char U+00DA (decimal 218)
   defining Unicode char U+00DB (decimal 219)
   defining Unicode char U+00DC (decimal 220)
   defining Unicode char U+00DD (decimal 221)
   defining Unicode char U+00DE (decimal 222)
   defining Unicode char U+00DF (decimal 223)
   defining Unicode char U+00E0 (decimal 224)
   defining Unicode char U+00E1 (decimal 225)
   defining Unicode char U+00E2 (decimal 226)
   defining Unicode char U+00E3 (decimal 227)
   defining Unicode char U+00E4 (decimal 228)
   defining Unicode char U+00E5 (decimal 229)
   defining Unicode char U+00E6 (decimal 230)
   defining Unicode char U+00E7 (decimal 231)
   defining Unicode char U+00E8 (decimal 232)
   defining Unicode char U+00E9 (decimal 233)
   defining Unicode char U+00EA (decimal 234)
   defining Unicode char U+00EB (decimal 235)
   defining Unicode char U+00EC (decimal 236)
   defining Unicode char U+00ED (decimal 237)
   defining Unicode char U+00EE (decimal 238)
   defining Unicode char U+00EF (decimal 239)
   defining Unicode char U+00F0 (decimal 240)
   defining Unicode char U+00F1 (decimal 241)
   defining Unicode char U+00F2 (decimal 242)
   defining Unicode char U+00F3 (decimal 243)
   defining Unicode char U+00F4 (decimal 244)
   defining Unicode char U+00F5 (decimal 245)
   defining Unicode char U+00F6 (decimal 246)
   defining Unicode char U+00F8 (decimal 248)
   defining Unicode char U+00F9 (decimal 249)
   defining Unicode char U+00FA (decimal 250)
   defining Unicode char U+00FB (decimal 251)
   defining Unicode char U+00FC (decimal 252)
   defining Unicode char U+00FD (decimal 253)
   defining Unicode char U+00FE (decimal 254)
   defining Unicode char U+00FF (decimal 255)
   defining Unicode char U+0100 (decimal 256)
   defining Unicode char U+0101 (decimal 257)
   defining Unicode char U+0102 (decimal 258)
   defining Unicode char U+0103 (decimal 259)
   defining Unicode char U+0104 (decimal 260)
   defining Unicode char U+0105 (decimal 261)
   defining Unicode char U+0106 (decimal 262)
   defining Unicode char U+0107 (decimal 263)
   defining Unicode char U+0108 (decimal 264)
   defining Unicode char U+0109 (decimal 265)
   defining Unicode char U+010A (decimal 266)
   defining Unicode char U+010B (decimal 267)
   defining Unicode char U+010C (decimal 268)
   defining Unicode char U+010D (decimal 269)
   defining Unicode char U+010E (decimal 270)
   defining Unicode char U+010F (decimal 271)
   defining Unicode char U+0110 (decimal 272)
   defining Unicode char U+0111 (decimal 273)
   defining Unicode char U+0112 (decimal 274)
   defining Unicode char U+0113 (decimal 275)
   defining Unicode char U+0114 (decimal 276)
   defining Unicode char U+0115 (decimal 277)
   defining Unicode char U+0116 (decimal 278)
   defining Unicode char U+0117 (decimal 279)
   defining Unicode char U+0118 (decimal 280)
   defining Unicode char U+0119 (decimal 281)
   defining Unicode char U+011A (decimal 282)
   defining Unicode char U+011B (decimal 283)
   defining Unicode char U+011C (decimal 284)
   defining Unicode char U+011D (decimal 285)
   defining Unicode char U+011E (decimal 286)
   defining Unicode char U+011F (decimal 287)
   defining Unicode char U+0120 (decimal 288)
   defining Unicode char U+0121 (decimal 289)
   defining Unicode char U+0122 (decimal 290)
   defining Unicode char U+0123 (decimal 291)
   defining Unicode char U+0124 (decimal 292)
   defining Unicode char U+0125 (decimal 293)
   defining Unicode char U+0128 (decimal 296)
   defining Unicode char U+0129 (decimal 297)
   defining Unicode char U+012A (decimal 298)
   defining Unicode char U+012B (decimal 299)
   defining Unicode char U+012C (decimal 300)
   defining Unicode char U+012D (decimal 301)
   defining Unicode char U+012E (decimal 302)
   defining Unicode char U+012F (decimal 303)
   defining Unicode char U+0130 (decimal 304)
   defining Unicode char U+0131 (decimal 305)
   defining Unicode char U+0132 (decimal 306)
   defining Unicode char U+0133 (decimal 307)
   defining Unicode char U+0134 (decimal 308)
   defining Unicode char U+0135 (decimal 309)
   defining Unicode char U+0136 (decimal 310)
   defining Unicode char U+0137 (decimal 311)
   defining Unicode char U+0139 (decimal 313)
   defining Unicode char U+013A (decimal 314)
   defining Unicode char U+013B (decimal 315)
   defining Unicode char U+013C (decimal 316)
   defining Unicode char U+013D (decimal 317)
   defining Unicode char U+013E (decimal 318)
   defining Unicode char U+0141 (decimal 321)
   defining Unicode char U+0142 (decimal 322)
   defining Unicode char U+0143 (decimal 323)
   defining Unicode char U+0144 (decimal 324)
   defining Unicode char U+0145 (decimal 325)
   defining Unicode char U+0146 (decimal 326)
   defining Unicode char U+0147 (decimal 327)
   defining Unicode char U+0148 (decimal 328)
   defining Unicode char U+014A (decimal 330)
   defining Unicode char U+014B (decimal 331)
   defining Unicode char U+014C (decimal 332)
   defining Unicode char U+014D (decimal 333)
   defining Unicode char U+014E (decimal 334)
   defining Unicode char U+014F (decimal 335)
   defining Unicode char U+0150 (decimal 336)
   defining Unicode char U+0151 (decimal 337)
   defining Unicode char U+0152 (decimal 338)
   defining Unicode char U+0153 (decimal 339)
   defining Unicode char U+0154 (decimal 340)
   defining Unicode char U+0155 (decimal 341)
   defining Unicode char U+0156 (decimal 342)
   defining Unicode char U+0157 (decimal 343)
   defining Unicode char U+0158 (decimal 344)
   defining Unicode char U+0159 (decimal 345)
   defining Unicode char U+015A (decimal 346)
   defining Unicode char U+015B (decimal 347)
   defining Unicode char U+015C (decimal 348)
   defining Unicode char U+015D (decimal 349)
   defining Unicode char U+015E (decimal 350)
   defining Unicode char U+015F (decimal 351)
   defining Unicode char U+0160 (decimal 352)
   defining Unicode char U+0161 (decimal 353)
   defining Unicode char U+0162 (decimal 354)
   defining Unicode char U+0163 (decimal 355)
   defining Unicode char U+0164 (decimal 356)
   defining Unicode char U+0165 (decimal 357)
   defining Unicode char U+0168 (decimal 360)
   defining Unicode char U+0169 (decimal 361)
   defining Unicode char U+016A (decimal 362)
   defining Unicode char U+016B (decimal 363)
   defining Unicode char U+016C (decimal 364)
   defining Unicode char U+016D (decimal 365)
   defining Unicode char U+016E (decimal 366)
   defining Unicode char U+016F (decimal 367)
   defining Unicode char U+0170 (decimal 368)
   defining Unicode char U+0171 (decimal 369)
   defining Unicode char U+0172 (decimal 370)
   defining Unicode char U+0173 (decimal 371)
   defining Unicode char U+0174 (decimal 372)
   defining Unicode char U+0175 (decimal 373)
   defining Unicode char U+0176 (decimal 374)
   defining Unicode char U+0177 (decimal 375)
   defining Unicode char U+0178 (decimal 376)
   defining Unicode char U+0179 (decimal 377)
   defining Unicode char U+017A (decimal 378)
   defining Unicode char U+017B (decimal 379)
   defining Unicode char U+017C (decimal 380)
   defining Unicode char U+017D (decimal 381)
   defining Unicode char U+017E (decimal 382)
   defining Unicode char U+01CD (decimal 461)
   defining Unicode char U+01CE (decimal 462)
   defining Unicode char U+01CF (decimal 463)
   defining Unicode char U+01D0 (decimal 464)
   defining Unicode char U+01D1 (decimal 465)
   defining Unicode char U+01D2 (decimal 466)
   defining Unicode char U+01D3 (decimal 467)
   defining Unicode char U+01D4 (decimal 468)
   defining Unicode char U+01E2 (decimal 482)
   defining Unicode char U+01E3 (decimal 483)
   defining Unicode char U+01E6 (decimal 486)
   defining Unicode char U+01E7 (decimal 487)
   defining Unicode char U+01E8 (decimal 488)
   defining Unicode char U+01E9 (decimal 489)
   defining Unicode char U+01EA (decimal 490)
   defining Unicode char U+01EB (decimal 491)
   defining Unicode char U+01F0 (decimal 496)
   defining Unicode char U+01F4 (decimal 500)
   defining Unicode char U+01F5 (decimal 501)
   defining Unicode char U+0218 (decimal 536)
   defining Unicode char U+0219 (decimal 537)
   defining Unicode char U+021A (decimal 538)
   defining Unicode char U+021B (decimal 539)
   defining Unicode char U+01E02 (decimal 7682)
   defining Unicode char U+01E03 (decimal 7683)
   defining Unicode char U+200C (decimal 8204)
   defining Unicode char U+2013 (decimal 8211)
   defining Unicode char U+2014 (decimal 8212)
   defining Unicode char U+2018 (decimal 8216)
   defining Unicode char U+2019 (decimal 8217)
   defining Unicode char U+201A (decimal 8218)
   defining Unicode char U+201C (decimal 8220)
   defining Unicode char U+201D (decimal 8221)
   defining Unicode char U+201E (decimal 8222)
   defining Unicode char U+2030 (decimal 8240)
   defining Unicode char U+2031 (decimal 8241)
   defining Unicode char U+2039 (decimal 8249)
   defining Unicode char U+203A (decimal 8250)
   defining Unicode char U+2423 (decimal 9251)
)
Now handling font encoding OT1 ...
... processing UTF-8 mapping file for font encoding OT1

(/usr/share/texlive/texmf-dist/tex/latex/base/ot1enc.dfu
File: ot1enc.dfu 2015/12/03 v1.1r UTF-8 support for inputenc
   defining Unicode char U+00A0 (decimal 160)
   defining Unicode char U+00A1 (decimal 161)
   defining Unicode char U+00A3 (decimal 163)
   defining Unicode char U+00AD (decimal 173)
   defining Unicode char U+00B8 (decimal 184)
   defining Unicode char U+00BF (decimal 191)
   defining Unicode char U+00C5 (decimal 197)
   defining Unicode char U+00C6 (decimal 198)
   defining Unicode char U+00D8 (decimal 216)
   defining Unicode char U+00DF (decimal 223)
   defining Unicode char U+00E6 (decimal 230)
   defining Unicode char U+00EC (decimal 236)
   defining Unicode char U+00ED (decimal 237)
   defining Unicode char U+00EE (decimal 238)
   defining Unicode char U+00EF (decimal 239)
   defining Unicode char U+00F8 (decimal 248)
   defining Unicode char U+0131 (decimal 305)
   defining Unicode char U+0141 (decimal 321)
   defining Unicode char U+0142 (decimal 322)
   defining Unicode char U+0152 (decimal 338)
   defining Unicode char U+0153 (decimal 339)
   defining Unicode char U+0174 (decimal 372)
   defining Unicode char U+0175 (decimal 373)
   defining Unicode char U+0176 (decimal 374)
   defining Unicode char U+0177 (decimal 375)
   defining Unicode char U+0218 (decimal 536)
   defining Unicode char U+0219 (decimal 537)
   defining Unicode char U+021A (decimal 538)
   defining Unicode char U+021B (decimal 539)
   defining Unicode char U+2013 (decimal 8211)
   defining Unicode char U+2014 (decimal 8212)
   defining Unicode char U+2018 (decimal 8216)
   defining Unicode char U+2019 (decimal 8217)
   defining Unicode char U+201C (decimal 8220)
   defining Unicode char U+201D (decimal 8221)
)
Now handling font encoding OMS ...
... processing UTF-8 mapping file for font encoding OMS

(/usr/share/texlive/texmf-dist/tex/latex/base/omsenc.dfu
File: omsenc.dfu 2015/12/03 v1.1r UTF-8 support for inputenc
   defining Unicode char U+00A7 (decimal 167)
   defining Unicode char U+00B6 (decimal 182)
   defining Unicode char U+00B7 (decimal 183)
   defining Unicode char U+2020 (decimal 8224)
   defining Unicode char U+2021 (decimal 8225)
   defining Unicode char U+2022 (decimal 8226)
)
Now handling font encoding OMX ...
... no UTF-8 mapping file for font encoding OMX
Now handling font encoding U ...
... no UTF-8 mapping file for font encoding U
Now handling font encoding PD1 ...
... no UTF-8 mapping file for font encoding PD1
   defining Unicode char U+00A9 (decimal 169)
   defining Unicode char U+00AA (decimal 170)
   defining Unicode char U+00AE (decimal 174)
   defining Unicode char U+00BA (decimal 186)
   defining Unicode char U+02C6 (decimal 710)
   defining Unicode char U+02DC (decimal 732)
   defining Unicode char U+200C (decimal 8204)
   defining Unicode char U+2026 (decimal 8230)
   defining Unicode char U+2122 (decimal 8482)
   defining Unicode char U+2423 (decimal 9251)
))
(/usr/share/texlive/texmf-dist/tex/latex/xcolor/xcolor.sty
Package: xcolor 2007/01/21 v2.11 LaTeX color extensions (UK)

(/usr/share/texlive/texmf-dist/tex/latex/latexconfig/color.cfg
File: color.cfg 2007/01/18 v1.5 color configuration of teTeX/TeXLive
)
Package xcolor Info: Driver file: pdftex.def on input line 225.

(/usr/share/texlive/texmf-dist/tex/latex/colortbl/colortbl.sty
Package: colortbl 2012/02/13 v1.0a Color table columns (DPC)
\everycr=\toks31
\minrowclearance=\skip60
)
LaTeX Info: Redefining \color on input line 702.
\rownum=\count137
Package xcolor Info: Model `cmy' substituted by `cmy0' on input line 1337.
Package xcolor Info: Model `hsb' substituted by `rgb' on input line 1341.
Package xcolor Info: Model `RGB' extended on input line 1353.
Package xcolor Info: Model `HTML' substituted by `rgb' on input line 1355.
Package xcolor Info: Model `Hsb' substituted by `hsb' on input line 1356.
Package xcolor Info: Model `tHsb' substituted by `hsb' on input line 1357.
Package xcolor Info: Model `HSB' substituted by `hsb' on input line 1358.
Package xcolor Info: Model `Gray' substituted by `gray' on input line 1359.
Package xcolor Info: Model `wave' substituted by `hsb' on input line 1360.
)
(/usr/share/texlive/texmf-dist/tex/latex/geometry/geometry.sty
Package: geometry 2010/09/12 v5.6 Page Geometry
\Gm@cnth=\count138
\Gm@cntv=\count139
\c@Gm@tempcnt=\count140
\Gm@bindingoffset=\dimen149
\Gm@wd@mp=\dimen150
\Gm@odd@mp=\dimen151
\Gm@even@mp=\dimen152
\Gm@layoutwidth=\dimen153
\Gm@layoutheight=\dimen154
\Gm@layouthoffset=\dimen155
\Gm@layoutvoffset=\dimen156
\Gm@dimlist=\toks32
) (./paper.aux)
\openout1 = `paper.aux'.

LaTeX Font Info:    Checking defaults for OML/cmm/m/it on input line 30.
LaTeX Font Info:    ... okay on input line 30.
LaTeX Font Info:    Checking defaults for T1/cmr/m/n on input line 30.
LaTeX Font Info:    ... okay on input line 30.
LaTeX Font Info:    Checking defaults for OT1/cmr/m/n on input line 30.
LaTeX Font Info:    ... okay on input line 30.
LaTeX Font Info:    Checking defaults for OMS/cmsy/m/n on input line 30.
LaTeX Font Info:    ... okay on input line 30.
LaTeX Font Info:    Checking defaults for OMX/cmex/m/n on input line 30.
LaTeX Font Info:    ... okay on input line 30.
LaTeX Font Info:    Checking defaults for U/cmr/m/n on input line 30.
LaTeX Font Info:    ... okay on input line 30.
LaTeX Font Info:    Checking defaults for PD1/pdf/m/n on input line 30.
LaTeX Font Info:    ... okay on input line 30.

(/usr/share/texlive/texmf-dist/tex/context/base/supp-pdf.mkii
[Loading MPS to PDF converter (version 2006.09.02).]
\scratchcounter=\count141
\scratchdimen=\dimen157
\scratchbox=\box38
\nofMPsegments=\count142
\nofMParguments=\count143
\everyMPshowfont=\toks33
\MPscratchCnt=\count144
\MPscratchDim=\dimen158
\MPnumerator=\count145
\makeMPintoPDFobject=\count146
\everyMPtoPDFconversion=\toks34
) (/usr/share/texlive/texmf-dist/tex/latex/oberdiek/epstopdf-base.sty
Package: epstopdf-base 2010/02/09 v2.5 Base part for package epstopdf

(/usr/share/texlive/texmf-dist/tex/latex/oberdiek/grfext.sty
Package: grfext 2010/08/19 v1.1 Manage graphics extensions (HO)
)
Package grfext Info: Graphics extension search list:
(grfext)             [.png,.pdf,.jpg,.mps,.jpeg,.jbig2,.jb2,.PNG,.PDF,.JPG,.JPE
G,.JBIG2,.JB2,.eps]
(grfext)             \AppendGraphicsExtensions on input line 452.

(/usr/share/texlive/texmf-dist/tex/latex/latexconfig/epstopdf-sys.cfg
File: epstopdf-sys.cfg 2010/07/13 v1.3 Configuration of (r)epstopdf for TeX Liv
e
))
\AtBeginShipoutBox=\box39
Package hyperref Info: Link coloring OFF on input line 30.

(/usr/share/texlive/texmf-dist/tex/latex/hyperref/nameref.sty
Package: nameref 2012/10/27 v2.43 Cross-referencing by name of section

(/usr/share/texlive/texmf-dist/tex/generic/oberdiek/gettitlestring.sty
Package: gettitlestring 2010/12/03 v1.4 Cleanup title references (HO)
)
\c@section@level=\count147
)
LaTeX Info: Redefining \ref on input line 30.
LaTeX Info: Redefining \pageref on input line 30.
LaTeX Info: Redefining \nameref on input line 30.

(./paper.out) (./paper.out)
\@outlinefile=\write4
\openout4 = `paper.out'.

Package caption Info: Begin \AtBeginDocument code.
Package caption Info: subfig package v1.3 is loaded.
Package caption Info: rotating package is loaded.
Package caption Info: End \AtBeginDocument code.

*geometry* driver: auto-detecting
*geometry* detected driver: pdftex
*geometry* verbose mode - [ preamble ] result:
* driver: pdftex
* paper: <default>
* layout: <same size as paper>
* layoutoffset:(h,v)=(0.0pt,0.0pt)
* modes: 
* h-part:(L,W,R)=(108.405pt, 397.485pt, 108.405pt)
* v-part:(T,H,B)=(108.405pt, 578.15999pt, 108.405pt)
* \paperwidth=614.295pt
* \paperheight=794.96999pt
* \textwidth=397.485pt
* \textheight=578.15999pt
* \oddsidemargin=36.13501pt
* \evensidemargin=36.13501pt
* \topmargin=-0.86499pt
* \headheight=12.0pt
* \headsep=25.0pt
* \topskip=10.0pt
* \footskip=30.0pt
* \marginparwidth=65.0pt
* \marginparsep=11.0pt
* \columnsep=10.0pt
* \skip\footins=24.0pt
* \hoffset=0.0pt
* \voffset=0.0pt
* \mag=1000
* \@twocolumnfalse
* \@twosidefalse
* \@mparswitchfalse
* \@reversemarginfalse
* (1in=72.27pt=25.4mm, 1cm=28.453pt)

LaTeX Font Info:    Try loading font information for U+msa on input line 55.
(/usr/share/texlive/texmf-dist/tex/latex/amsfonts/umsa.fd
File: umsa.fd 2013/01/14 v3.01 AMS symbols A
)
LaTeX Font Info:    Try loading font information for U+msb on input line 55.

(/usr/share/texlive/texmf-dist/tex/latex/amsfonts/umsb.fd
File: umsb.fd 2013/01/14 v3.01 AMS symbols B
)
LaTeX Font Info:    Try loading font information for T1+cmss on input line 59.

(/usr/share/texlive/texmf-dist/tex/latex/base/t1cmss.fd
File: t1cmss.fd 2014/09/29 v2.5h Standard LaTeX font definitions
) [1


{/var/lib/texmf/fonts/map/pdftex/updmap/pdftex.map}] [2] [3] [4]
<include/grp1/example_mask_kspace_with_arrows.png, id=130, 233.37187pt x 233.37
187pt>
File: include/grp1/example_mask_kspace_with_arrows.png Graphic file (type png)
 <use include/grp1/example_mask_kspace_with_arrows.png>
Package pdftex.def Info: include/grp1/example_mask_kspace_with_arrows.png used 
on input line 114.
(pdftex.def)             Requested size: 71.13023pt x 71.13023pt.

<include/grp2/example_original.png, id=132, 309.60468pt x 589.14503pt>
File: include/grp2/example_original.png Graphic file (type png)

<use include/grp2/example_original.png>
Package pdftex.def Info: include/grp2/example_original.png used on input line 1
16.
(pdftex.def)             Requested size: 71.13197pt x 71.12585pt.

Underfull \hbox (badness 10000) in paragraph at lines 116--116
[]\T1/cmr/m/n/8 (b) |[]\T1/cmr/m/n/7 fully sam-pled
 []

<include/grp2/example_samplingMask4.png, id=133, 309.60468pt x 589.14503pt>
File: include/grp2/example_samplingMask4.png Graphic file (type png)

<use include/grp2/example_samplingMask4.png>
Package pdftex.def Info: include/grp2/example_samplingMask4.png used on input l
ine 118.
(pdftex.def)             Requested size: 71.13197pt x 71.12585pt.

<include/grp2/example_zeroPadding.png, id=134, 309.60468pt x 589.14503pt>
File: include/grp2/example_zeroPadding.png Graphic file (type png)

<use include/grp2/example_zeroPadding.png>
Package pdftex.def Info: include/grp2/example_zeroPadding.png used on input lin
e 119.
(pdftex.def)             Requested size: 71.13197pt x 71.12585pt.
 [5 <./include/grp1/example_mask_kspace_with_arrows.png> <./include/grp2/exampl
e_original.png> <./include/grp2/example_samplingMask4.png> <./include/grp2/exam
ple_zeroPadding.png>] [6]
<include/grp2/system_chart.png, id=177, 937.5025pt x 425.59pt>
File: include/grp2/system_chart.png Graphic file (type png)

<use include/grp2/system_chart.png>
Package pdftex.def Info: include/grp2/system_chart.png used on input line 175.
(pdftex.def)             Requested size: 341.42024pt x 113.80685pt.

<include/grp2/generator_arch.png, id=180, 1267.73625pt x 345.29pt>
File: include/grp2/generator_arch.png Graphic file (type png)

<use include/grp2/generator_arch.png>
Package pdftex.def Info: include/grp2/generator_arch.png used on input line 188
.
(pdftex.def)             Requested size: 312.96774pt x 56.90189pt.

<include/grp2/discrimonator_arch.png, id=181, 1054.94125pt x 300.12125pt>
File: include/grp2/discrimonator_arch.png Graphic file (type png)

<use include/grp2/discrimonator_arch.png>
Package pdftex.def Info: include/grp2/discrimonator_arch.png used on input line
 195.
(pdftex.def)             Requested size: 312.97565pt x 56.90456pt.
 [7 <./include/grp2/system_chart.png>]
LaTeX Font Info:    Try loading font information for T1+cmtt on input line 206.

(/usr/share/texlive/texmf-dist/tex/latex/base/t1cmtt.fd
File: t1cmtt.fd 2014/09/29 v2.5h Standard LaTeX font definitions
) [8 <./include/grp2/generator_arch.png> <./include/grp2/discrimonator_arch.png
>]
Package epstopdf Info: Source file: <include/grp2/mask2.eps>
(epstopdf)                    date: 2017-12-27 23:40:25
(epstopdf)                    size: 1190313 bytes
(epstopdf)             Output file: <include/grp2/mask2-eps-converted-to.pdf>
(epstopdf)                    date: 2017-12-27 23:40:25
(epstopdf)                    size: 37054 bytes
(epstopdf)             Command: <repstopdf --outfile=include/grp2/mask2-eps-con
verted-to.pdf include/grp2/mask2.eps>
(epstopdf)             \includegraphics on input line 224.
Package epstopdf Info: Output file is already uptodate.

<include/grp2/mask2-eps-converted-to.pdf, id=218, 111.41624pt x 272.01625pt>
File: include/grp2/mask2-eps-converted-to.pdf Graphic file (type pdf)

<use include/grp2/mask2-eps-converted-to.pdf>
Package pdftex.def Info: include/grp2/mask2-eps-converted-to.pdf used on input 
line 224.
(pdftex.def)             Requested size: 85.35895pt x 85.35767pt.
Package epstopdf Info: Source file: <include/grp2/mask4.eps>
(epstopdf)                    date: 2017-12-27 23:40:25
(epstopdf)                    size: 1190313 bytes
(epstopdf)             Output file: <include/grp2/mask4-eps-converted-to.pdf>
(epstopdf)                    date: 2017-12-27 23:40:25
(epstopdf)                    size: 37051 bytes
(epstopdf)             Command: <repstopdf --outfile=include/grp2/mask4-eps-con
verted-to.pdf include/grp2/mask4.eps>
(epstopdf)             \includegraphics on input line 226.
Package epstopdf Info: Output file is already uptodate.

<include/grp2/mask4-eps-converted-to.pdf, id=219, 111.41624pt x 272.01625pt>
File: include/grp2/mask4-eps-converted-to.pdf Graphic file (type pdf)

<use include/grp2/mask4-eps-converted-to.pdf>
Package pdftex.def Info: include/grp2/mask4-eps-converted-to.pdf used on input 
line 226.
(pdftex.def)             Requested size: 85.35895pt x 85.35767pt.
Package epstopdf Info: Source file: <include/grp2/mask6.eps>
(epstopdf)                    date: 2017-12-27 23:40:25
(epstopdf)                    size: 1190315 bytes
(epstopdf)             Output file: <include/grp2/mask6-eps-converted-to.pdf>
(epstopdf)                    date: 2017-12-27 23:40:25
(epstopdf)                    size: 37050 bytes
(epstopdf)             Command: <repstopdf --outfile=include/grp2/mask6-eps-con
verted-to.pdf include/grp2/mask6.eps>
(epstopdf)             \includegraphics on input line 228.
Package epstopdf Info: Output file is already uptodate.

<include/grp2/mask6-eps-converted-to.pdf, id=220, 111.41624pt x 272.01625pt>
File: include/grp2/mask6-eps-converted-to.pdf Graphic file (type pdf)

<use include/grp2/mask6-eps-converted-to.pdf>
Package pdftex.def Info: include/grp2/mask6-eps-converted-to.pdf used on input 
line 228.
(pdftex.def)             Requested size: 85.35895pt x 85.35767pt.
 [9 <./include/grp2/mask2-eps-converted-to.pdf> <./include/grp2/mask4-eps-conve
rted-to.pdf> <./include/grp2/mask6-eps-converted-to.pdf>]
<include/grp2/error_psnr_errorbar.png, id=247, 462.528pt x 346.896pt>
File: include/grp2/error_psnr_errorbar.png Graphic file (type png)

<use include/grp2/error_psnr_errorbar.png>
Package pdftex.def Info: include/grp2/error_psnr_errorbar.png used on input lin
e 260.
(pdftex.def)             Requested size: 278.23828pt x 208.68968pt.
 [10 <./include/grp2/error_psnr_errorbar.png>] [11]
Package epstopdf Info: Source file: <include/grp2/skull_stripping.eps>
(epstopdf)                    date: 2017-12-27 23:40:25
(epstopdf)                    size: 7199421 bytes
(epstopdf)             Output file: <include/grp2/skull_stripping-eps-converted
-to.pdf>
(epstopdf)                    date: 2017-12-27 23:40:25
(epstopdf)                    size: 254362 bytes
(epstopdf)             Command: <repstopdf --outfile=include/grp2/skull_strippi
ng-eps-converted-to.pdf include/grp2/skull_stripping.eps>
(epstopdf)             \includegraphics on input line 349.
Package epstopdf Info: Output file is already uptodate.

<include/grp2/skull_stripping-eps-converted-to.pdf, id=275, 221.82875pt x 247.9
2625pt>
File: include/grp2/skull_stripping-eps-converted-to.pdf Graphic file (type pdf)

 <use include/grp2/skull_stripping-eps-converted-to.pdf>
Package pdftex.def Info: include/grp2/skull_stripping-eps-converted-to.pdf used
 on input line 349.
(pdftex.def)             Requested size: 85.35524pt x 99.58487pt.
Package epstopdf Info: Source file: <include/grp2/skull_stripping_brain.eps>
(epstopdf)                    date: 2017-12-27 23:40:25
(epstopdf)                    size: 7199397 bytes
(epstopdf)             Output file: <include/grp2/skull_stripping_brain-eps-con
verted-to.pdf>
(epstopdf)                    date: 2017-12-27 23:40:25
(epstopdf)                    size: 254369 bytes
(epstopdf)             Command: <repstopdf --outfile=include/grp2/skull_strippi
ng_brain-eps-converted-to.pdf include/grp2/skull_stripping_brain.eps>
(epstopdf)             \includegraphics on input line 351.
Package epstopdf Info: Output file is already uptodate.

<include/grp2/skull_stripping_brain-eps-converted-to.pdf, id=276, 221.82875pt x
 247.92625pt>
File: include/grp2/skull_stripping_brain-eps-converted-to.pdf Graphic file (typ
e pdf)
 <use include/grp2/skull_stripping_brain-eps-converted-to.pdf>
Package pdftex.def Info: include/grp2/skull_stripping_brain-eps-converted-to.pd
f used on input line 351.
(pdftex.def)             Requested size: 85.35524pt x 99.58487pt.

<include/grp2/hausdorff.png, id=277, 513.92pt x 508.90125pt>
File: include/grp2/hausdorff.png Graphic file (type png)

<use include/grp2/hausdorff.png>
Package pdftex.def Info: include/grp2/hausdorff.png used on input line 353.
(pdftex.def)             Requested size: 99.58272pt x 99.58089pt.
 [12 <./include/grp2/skull_stripping-eps-converted-to.pdf> <./include/grp2/skul
l_stripping_brain-eps-converted-to.pdf> <./include/grp2/hausdorff.png>]
Overfull \hbox (4.08705pt too wide) in paragraph at lines 416--416
[]|[]|  
 []


Overfull \vbox (40.44405pt too high) detected at line 416
 []


<include/grp2/factor6/022-Guys-0701-T1/022-Guys-0701-T1_images__50.png, id=347,
 190.21465pt x 173.73708pt>
File: include/grp2/factor6/022-Guys-0701-T1/022-Guys-0701-T1_images__50.png Gra
phic file (type png)

<use include/grp2/factor6/022-Guys-0701-T1/022-Guys-0701-T1_images__50.png>
Package pdftex.def Info: include/grp2/factor6/022-Guys-0701-T1/022-Guys-0701-T1
_images__50.png used on input line 418.
(pdftex.def)             Requested size: 71.13293pt x 71.13191pt.

<include/grp2/factor6/022-Guys-0701-T1/022-Guys-0701-T1_images__zeroPadding_50.
png, id=348, 190.21465pt x 173.73708pt>
File: include/grp2/factor6/022-Guys-0701-T1/022-Guys-0701-T1_images__zeroPaddin
g_50.png Graphic file (type png)

<use include/grp2/factor6/022-Guys-0701-T1/022-Guys-0701-T1_images__zeroPadding
_50.png>
Package pdftex.def Info: include/grp2/factor6/022-Guys-0701-T1/022-Guys-0701-T1
_images__zeroPadding_50.png used on input line 419.
(pdftex.def)             Requested size: 71.13293pt x 71.13191pt.

<include/grp2/factor6/022-Guys-0701-T1/022-Guys-0701-T1_images__CS_50.png, id=3
49, 190.21465pt x 173.73708pt>
File: include/grp2/factor6/022-Guys-0701-T1/022-Guys-0701-T1_images__CS_50.png 
Graphic file (type png)

<use include/grp2/factor6/022-Guys-0701-T1/022-Guys-0701-T1_images__CS_50.png>
Package pdftex.def Info: include/grp2/factor6/022-Guys-0701-T1/022-Guys-0701-T1
_images__CS_50.png used on input line 419.
(pdftex.def)             Requested size: 71.13293pt x 71.13191pt.

<include/grp2/factor6/022-Guys-0701-T1/022-Guys-0701-T1_images__IMCNNL2TUNE_50.
png, id=350, 158.41583pt x 144.82909pt>
File: include/grp2/factor6/022-Guys-0701-T1/022-Guys-0701-T1_images__IMCNNL2TUN
E_50.png Graphic file (type png)

<use include/grp2/factor6/022-Guys-0701-T1/022-Guys-0701-T1_images__IMCNNL2TUNE
_50.png>
Package pdftex.def Info: include/grp2/factor6/022-Guys-0701-T1/022-Guys-0701-T1
_images__IMCNNL2TUNE_50.png used on input line 419.
(pdftex.def)             Requested size: 71.13176pt x 71.1304pt.

<include/grp2/factor6/022-Guys-0701-T1/022-Guys-0701-T1_images__predict_50.png,
 id=351, 190.21465pt x 173.73708pt>
File: include/grp2/factor6/022-Guys-0701-T1/022-Guys-0701-T1_images__predict_50
.png Graphic file (type png)

<use include/grp2/factor6/022-Guys-0701-T1/022-Guys-0701-T1_images__predict_50.
png>
Package pdftex.def Info: include/grp2/factor6/022-Guys-0701-T1/022-Guys-0701-T1
_images__predict_50.png used on input line 419.
(pdftex.def)             Requested size: 71.13293pt x 71.13191pt.

Overfull \hbox (4.08705pt too wide) in paragraph at lines 423--423
[]|[]|  
 []


Overfull \vbox (18.32306pt too high) detected at line 423
 []


<include/grp2/factor6/022-Guys-0701-T1/022-Guys-0701-T1_images__zoom_50.png, id
=352, 190.21465pt x 211.0284pt>
File: include/grp2/factor6/022-Guys-0701-T1/022-Guys-0701-T1_images__zoom_50.pn
g Graphic file (type png)

<use include/grp2/factor6/022-Guys-0701-T1/022-Guys-0701-T1_images__zoom_50.png
>
Package pdftex.def Info: include/grp2/factor6/022-Guys-0701-T1/022-Guys-0701-T1
_images__zoom_50.png used on input line 425.
(pdftex.def)             Requested size: 71.13293pt x 71.13045pt.

<include/grp2/factor6/022-Guys-0701-T1/022-Guys-0701-T1_images__zeroPadding_zoo
m_50.png, id=353, 190.21465pt x 211.0284pt>
File: include/grp2/factor6/022-Guys-0701-T1/022-Guys-0701-T1_images__zeroPaddin
g_zoom_50.png Graphic file (type png)

<use include/grp2/factor6/022-Guys-0701-T1/022-Guys-0701-T1_images__zeroPadding
_zoom_50.png>
Package pdftex.def Info: include/grp2/factor6/022-Guys-0701-T1/022-Guys-0701-T1
_images__zeroPadding_zoom_50.png used on input line 426.
(pdftex.def)             Requested size: 71.13293pt x 71.13045pt.

<include/grp2/factor6/022-Guys-0701-T1/022-Guys-0701-T1_images__CS_zoom_50.png,
 id=354, 190.21465pt x 211.0284pt>
File: include/grp2/factor6/022-Guys-0701-T1/022-Guys-0701-T1_images__CS_zoom_50
.png Graphic file (type png)

<use include/grp2/factor6/022-Guys-0701-T1/022-Guys-0701-T1_images__CS_zoom_50.
png>
Package pdftex.def Info: include/grp2/factor6/022-Guys-0701-T1/022-Guys-0701-T1
_images__CS_zoom_50.png used on input line 427.
(pdftex.def)             Requested size: 71.13293pt x 71.13045pt.

<include/grp2/factor6/022-Guys-0701-T1/022-Guys-0701-T1_images__IMCNNL2TUNE_zoo
m_50.png, id=355, 158.41583pt x 175.76064pt>
File: include/grp2/factor6/022-Guys-0701-T1/022-Guys-0701-T1_images__IMCNNL2TUN
E_zoom_50.png Graphic file (type png)

<use include/grp2/factor6/022-Guys-0701-T1/022-Guys-0701-T1_images__IMCNNL2TUNE
_zoom_50.png>
Package pdftex.def Info: include/grp2/factor6/022-Guys-0701-T1/022-Guys-0701-T1
_images__IMCNNL2TUNE_zoom_50.png used on input line 427.
(pdftex.def)             Requested size: 71.13176pt x 71.1317pt.

<include/grp2/factor6/022-Guys-0701-T1/022-Guys-0701-T1_images__predict_zoom_50
.png, id=356, 190.21465pt x 211.0284pt>
File: include/grp2/factor6/022-Guys-0701-T1/022-Guys-0701-T1_images__predict_zo
om_50.png Graphic file (type png)

<use include/grp2/factor6/022-Guys-0701-T1/022-Guys-0701-T1_images__predict_zoo
m_50.png>
Package pdftex.def Info: include/grp2/factor6/022-Guys-0701-T1/022-Guys-0701-T1
_images__predict_zoom_50.png used on input line 427.
(pdftex.def)             Requested size: 71.13293pt x 71.13045pt.

Overfull \hbox (4.08705pt too wide) in paragraph at lines 431--431
[]|[]|  
 []


<include/grp2/factor6/022-Guys-0701-T1/022-Guys-0701-T1_brains__50.png, id=357,
 190.21465pt x 209.00484pt>
File: include/grp2/factor6/022-Guys-0701-T1/022-Guys-0701-T1_brains__50.png Gra
phic file (type png)

<use include/grp2/factor6/022-Guys-0701-T1/022-Guys-0701-T1_brains__50.png>
Package pdftex.def Info: include/grp2/factor6/022-Guys-0701-T1/022-Guys-0701-T1
_brains__50.png used on input line 433.
(pdftex.def)             Requested size: 71.13293pt x 71.13086pt.

<include/grp2/factor6/022-Guys-0701-T1/022-Guys-0701-T1_brains__zeroPadding_50.
png, id=358, 190.21465pt x 209.00484pt>
File: include/grp2/factor6/022-Guys-0701-T1/022-Guys-0701-T1_brains__zeroPaddin
g_50.png Graphic file (type png)

<use include/grp2/factor6/022-Guys-0701-T1/022-Guys-0701-T1_brains__zeroPadding
_50.png>
Package pdftex.def Info: include/grp2/factor6/022-Guys-0701-T1/022-Guys-0701-T1
_brains__zeroPadding_50.png used on input line 434.
(pdftex.def)             Requested size: 71.13293pt x 71.13086pt.

<include/grp2/factor6/022-Guys-0701-T1/022-Guys-0701-T1_brains__CS_50.png, id=3
59, 190.21465pt x 209.00484pt>
File: include/grp2/factor6/022-Guys-0701-T1/022-Guys-0701-T1_brains__CS_50.png 
Graphic file (type png)

<use include/grp2/factor6/022-Guys-0701-T1/022-Guys-0701-T1_brains__CS_50.png>
Package pdftex.def Info: include/grp2/factor6/022-Guys-0701-T1/022-Guys-0701-T1
_brains__CS_50.png used on input line 434.
(pdftex.def)             Requested size: 71.13293pt x 71.13086pt.

<include/grp2/factor6/022-Guys-0701-T1/022-Guys-0701-T1_brains__IMCNNL2TUNE_50.
png, id=360, 158.41583pt x 174.02615pt>
File: include/grp2/factor6/022-Guys-0701-T1/022-Guys-0701-T1_brains__IMCNNL2TUN
E_50.png Graphic file (type png)

<use include/grp2/factor6/022-Guys-0701-T1/022-Guys-0701-T1_brains__IMCNNL2TUNE
_50.png>
Package pdftex.def Info: include/grp2/factor6/022-Guys-0701-T1/022-Guys-0701-T1
_brains__IMCNNL2TUNE_50.png used on input line 434.
(pdftex.def)             Requested size: 71.13176pt x 71.13077pt.

<include/grp2/factor6/022-Guys-0701-T1/022-Guys-0701-T1_brains__predict_50.png,
 id=361, 190.21465pt x 209.00484pt>
File: include/grp2/factor6/022-Guys-0701-T1/022-Guys-0701-T1_brains__predict_50
.png Graphic file (type png)

<use include/grp2/factor6/022-Guys-0701-T1/022-Guys-0701-T1_brains__predict_50.
png>
Package pdftex.def Info: include/grp2/factor6/022-Guys-0701-T1/022-Guys-0701-T1
_brains__predict_50.png used on input line 434.
(pdftex.def)             Requested size: 71.13293pt x 71.13086pt.

Overfull \hbox (5.64223pt too wide) in paragraph at lines 438--438
[]|[]|  
 []


Overfull \vbox (19.67944pt too high) detected at line 438
 []


<include/grp2/factor6/022-Guys-0701-T1/022-Guys-0701-T1_segs__50.png, id=362, 1
90.21465pt x 209.00484pt>
File: include/grp2/factor6/022-Guys-0701-T1/022-Guys-0701-T1_segs__50.png Graph
ic file (type png)

<use include/grp2/factor6/022-Guys-0701-T1/022-Guys-0701-T1_segs__50.png>
Package pdftex.def Info: include/grp2/factor6/022-Guys-0701-T1/022-Guys-0701-T1
_segs__50.png used on input line 440.
(pdftex.def)             Requested size: 71.13293pt x 71.13086pt.

<include/grp2/factor6/022-Guys-0701-T1/022-Guys-0701-T1_segs__zeroPadding_50.pn
g, id=363, 190.21465pt x 209.00484pt>
File: include/grp2/factor6/022-Guys-0701-T1/022-Guys-0701-T1_segs__zeroPadding_
50.png Graphic file (type png)

<use include/grp2/factor6/022-Guys-0701-T1/022-Guys-0701-T1_segs__zeroPadding_5
0.png>
Package pdftex.def Info: include/grp2/factor6/022-Guys-0701-T1/022-Guys-0701-T1
_segs__zeroPadding_50.png used on input line 441.
(pdftex.def)             Requested size: 71.13293pt x 71.13086pt.

<include/grp2/factor6/022-Guys-0701-T1/022-Guys-0701-T1_segs__CS_50.png, id=364
, 190.21465pt x 209.00484pt>
File: include/grp2/factor6/022-Guys-0701-T1/022-Guys-0701-T1_segs__CS_50.png Gr
aphic file (type png)

<use include/grp2/factor6/022-Guys-0701-T1/022-Guys-0701-T1_segs__CS_50.png>
Package pdftex.def Info: include/grp2/factor6/022-Guys-0701-T1/022-Guys-0701-T1
_segs__CS_50.png used on input line 441.
(pdftex.def)             Requested size: 71.13293pt x 71.13086pt.

<include/grp2/factor6/022-Guys-0701-T1/022-Guys-0701-T1_segs__IMCNNL2TUNE_50.pn
g, id=365, 158.41583pt x 174.02615pt>
File: include/grp2/factor6/022-Guys-0701-T1/022-Guys-0701-T1_segs__IMCNNL2TUNE_
50.png Graphic file (type png)

<use include/grp2/factor6/022-Guys-0701-T1/022-Guys-0701-T1_segs__IMCNNL2TUNE_5
0.png>
Package pdftex.def Info: include/grp2/factor6/022-Guys-0701-T1/022-Guys-0701-T1
_segs__IMCNNL2TUNE_50.png used on input line 441.
(pdftex.def)             Requested size: 71.13188pt x 78.14108pt.

<include/grp2/factor6/022-Guys-0701-T1/022-Guys-0701-T1_segs__predict_50.png, i
d=366, 190.21465pt x 209.00484pt>
File: include/grp2/factor6/022-Guys-0701-T1/022-Guys-0701-T1_segs__predict_50.p
ng Graphic file (type png)

<use include/grp2/factor6/022-Guys-0701-T1/022-Guys-0701-T1_segs__predict_50.pn
g>
Package pdftex.def Info: include/grp2/factor6/022-Guys-0701-T1/022-Guys-0701-T1
_segs__predict_50.png used on input line 441.
(pdftex.def)             Requested size: 71.13293pt x 71.13086pt.
 [13] [14 <./include/grp2/factor6/022-Guys-0701-T1/022-Guys-0701-T1_images__50.
png> <./include/grp2/factor6/022-Guys-0701-T1/022-Guys-0701-T1_images__zeroPadd
ing_50.png> <./include/grp2/factor6/022-Guys-0701-T1/022-Guys-0701-T1_images__C
S_50.png> <./include/grp2/factor6/022-Guys-0701-T1/022-Guys-0701-T1_images__IMC
NNL2TUNE_50.png> <./include/grp2/factor6/022-Guys-0701-T1/022-Guys-0701-T1_imag
es__predict_50.png> <./include/grp2/factor6/022-Guys-0701-T1/022-Guys-0701-T1_i
mages__zoom_50.png> <./include/grp2/factor6/022-Guys-0701-T1/022-Guys-0701-T1_i
mages__zeroPadding_zoom_50.png> <./include/grp2/factor6/022-Guys-0701-T1/022-Gu
ys-0701-T1_images__CS_zoom_50.png> <./include/grp2/factor6/022-Guys-0701-T1/022
-Guys-0701-T1_images__IMCNNL2TUNE_zoom_50.png> <./include/grp2/factor6/022-Guys
-0701-T1/022-Guys-0701-T1_images__predict_zoom_50.png> <./include/grp2/factor6/
022-Guys-0701-T1/022-Guys-0701-T1_brains__50.png> <./include/grp2/factor6/022-G
uys-0701-T1/022-Guys-0701-T1_brains__zeroPadding_50.png> <./include/grp2/factor
6/022-Guys-0701-T1/022-Guys-0701-T1_brains__CS_50.png> <./include/grp2/factor6/
022-Guys-0701-T1/022-Guys-0701-T1_brains__IMCNNL2TUNE_50.png> <./include/grp2/f
actor6/022-Guys-0701-T1/022-Guys-0701-T1_brains__predict_50.png> <./include/grp
2/factor6/022-Guys-0701-T1/022-Guys-0701-T1_segs__50.png> <./include/grp2/facto
r6/022-Guys-0701-T1/022-Guys-0701-T1_segs__zeroPadding_50.png> <./include/grp2/
factor6/022-Guys-0701-T1/022-Guys-0701-T1_segs__CS_50.png> <./include/grp2/fact
or6/022-Guys-0701-T1/022-Guys-0701-T1_segs__IMCNNL2TUNE_50.png> <./include/grp2
/factor6/022-Guys-0701-T1/022-Guys-0701-T1_segs__predict_50.png>]
Overfull \hbox (4.08705pt too wide) in paragraph at lines 478--478
[]|[]|  
 []


Overfull \vbox (40.44405pt too high) detected at line 478
 []


<include/grp2/factor4/012-HH-1211-T1/012-HH-1211-T1_images__35.png, id=405, 136
.15668pt x 136.15668pt>
File: include/grp2/factor4/012-HH-1211-T1/012-HH-1211-T1_images__35.png Graphic
 file (type png)

<use include/grp2/factor4/012-HH-1211-T1/012-HH-1211-T1_images__35.png>
Package pdftex.def Info: include/grp2/factor4/012-HH-1211-T1/012-HH-1211-T1_ima
ges__35.png used on input line 480.
(pdftex.def)             Requested size: 71.13013pt x 71.13013pt.

<include/grp2/factor4/012-HH-1211-T1/012-HH-1211-T1_images__zeroPadding_35.png,
 id=406, 136.15668pt x 136.15668pt>
File: include/grp2/factor4/012-HH-1211-T1/012-HH-1211-T1_images__zeroPadding_35
.png Graphic file (type png)

<use include/grp2/factor4/012-HH-1211-T1/012-HH-1211-T1_images__zeroPadding_35.
png>
Package pdftex.def Info: include/grp2/factor4/012-HH-1211-T1/012-HH-1211-T1_ima
ges__zeroPadding_35.png used on input line 481.
(pdftex.def)             Requested size: 71.13013pt x 71.13013pt.

<include/grp2/factor4/012-HH-1211-T1/012-HH-1211-T1_images__CS_35.png, id=407, 
136.15668pt x 136.15668pt>
File: include/grp2/factor4/012-HH-1211-T1/012-HH-1211-T1_images__CS_35.png Grap
hic file (type png)

<use include/grp2/factor4/012-HH-1211-T1/012-HH-1211-T1_images__CS_35.png>
Package pdftex.def Info: include/grp2/factor4/012-HH-1211-T1/012-HH-1211-T1_ima
ges__CS_35.png used on input line 481.
(pdftex.def)             Requested size: 71.13013pt x 71.13013pt.

<include/grp2/factor4/012-HH-1211-T1/012-HH-1211-T1_images__IMCNNL2TUNE_35.png,
 id=408, 136.15668pt x 136.15668pt>
File: include/grp2/factor4/012-HH-1211-T1/012-HH-1211-T1_images__IMCNNL2TUNE_35
.png Graphic file (type png)

<use include/grp2/factor4/012-HH-1211-T1/012-HH-1211-T1_images__IMCNNL2TUNE_35.
png>
Package pdftex.def Info: include/grp2/factor4/012-HH-1211-T1/012-HH-1211-T1_ima
ges__IMCNNL2TUNE_35.png used on input line 481.
(pdftex.def)             Requested size: 71.13013pt x 71.13013pt.

<include/grp2/factor4/012-HH-1211-T1/012-HH-1211-T1_images__predict_35.png, id=
409, 136.15668pt x 136.15668pt>
File: include/grp2/factor4/012-HH-1211-T1/012-HH-1211-T1_images__predict_35.png
 Graphic file (type png)

<use include/grp2/factor4/012-HH-1211-T1/012-HH-1211-T1_images__predict_35.png>
Package pdftex.def Info: include/grp2/factor4/012-HH-1211-T1/012-HH-1211-T1_ima
ges__predict_35.png used on input line 481.
(pdftex.def)             Requested size: 71.13013pt x 71.13013pt.

Overfull \hbox (4.08705pt too wide) in paragraph at lines 485--485
[]|[]|  
 []


Overfull \vbox (18.32306pt too high) detected at line 485
 []


<include/grp2/factor4/012-HH-1211-T1/012-HH-1211-T1_images__zoom_35.png, id=410
, 136.15668pt x 114.1866pt>
File: include/grp2/factor4/012-HH-1211-T1/012-HH-1211-T1_images__zoom_35.png Gr
aphic file (type png)

<use include/grp2/factor4/012-HH-1211-T1/012-HH-1211-T1_images__zoom_35.png>
Package pdftex.def Info: include/grp2/factor4/012-HH-1211-T1/012-HH-1211-T1_ima
ges__zoom_35.png used on input line 487.
(pdftex.def)             Requested size: 71.13013pt x 71.1347pt.

<include/grp2/factor4/012-HH-1211-T1/012-HH-1211-T1_images__zeroPadding_zoom_35
.png, id=411, 136.15668pt x 114.1866pt>
File: include/grp2/factor4/012-HH-1211-T1/012-HH-1211-T1_images__zeroPadding_zo
om_35.png Graphic file (type png)

<use include/grp2/factor4/012-HH-1211-T1/012-HH-1211-T1_images__zeroPadding_zoo
m_35.png>
Package pdftex.def Info: include/grp2/factor4/012-HH-1211-T1/012-HH-1211-T1_ima
ges__zeroPadding_zoom_35.png used on input line 488.
(pdftex.def)             Requested size: 71.13013pt x 71.1347pt.

<include/grp2/factor4/012-HH-1211-T1/012-HH-1211-T1_images__CS_zoom_35.png, id=
412, 136.15668pt x 114.1866pt>
File: include/grp2/factor4/012-HH-1211-T1/012-HH-1211-T1_images__CS_zoom_35.png
 Graphic file (type png)

<use include/grp2/factor4/012-HH-1211-T1/012-HH-1211-T1_images__CS_zoom_35.png>
Package pdftex.def Info: include/grp2/factor4/012-HH-1211-T1/012-HH-1211-T1_ima
ges__CS_zoom_35.png used on input line 489.
(pdftex.def)             Requested size: 71.13013pt x 71.1347pt.

<include/grp2/factor4/012-HH-1211-T1/012-HH-1211-T1_images__IMCNNL2TUNE_zoom_35
.png, id=413, 136.15668pt x 114.1866pt>
File: include/grp2/factor4/012-HH-1211-T1/012-HH-1211-T1_images__IMCNNL2TUNE_zo
om_35.png Graphic file (type png)

<use include/grp2/factor4/012-HH-1211-T1/012-HH-1211-T1_images__IMCNNL2TUNE_zoo
m_35.png>
Package pdftex.def Info: include/grp2/factor4/012-HH-1211-T1/012-HH-1211-T1_ima
ges__IMCNNL2TUNE_zoom_35.png used on input line 489.
(pdftex.def)             Requested size: 71.13013pt x 71.1347pt.

<include/grp2/factor4/012-HH-1211-T1/012-HH-1211-T1_images__predict_zoom_35.png
, id=414, 136.15668pt x 114.1866pt>
File: include/grp2/factor4/012-HH-1211-T1/012-HH-1211-T1_images__predict_zoom_3
5.png Graphic file (type png)

<use include/grp2/factor4/012-HH-1211-T1/012-HH-1211-T1_images__predict_zoom_35
.png>
Package pdftex.def Info: include/grp2/factor4/012-HH-1211-T1/012-HH-1211-T1_ima
ges__predict_zoom_35.png used on input line 489.
(pdftex.def)             Requested size: 71.13013pt x 71.1347pt.

Overfull \hbox (4.08705pt too wide) in paragraph at lines 493--493
[]|[]|  
 []


<include/grp2/factor4/012-HH-1211-T1/012-HH-1211-T1_brains__35.png, id=415, 136
.15668pt x 120.83543pt>
File: include/grp2/factor4/012-HH-1211-T1/012-HH-1211-T1_brains__35.png Graphic
 file (type png)

<use include/grp2/factor4/012-HH-1211-T1/012-HH-1211-T1_brains__35.png>
Package pdftex.def Info: include/grp2/factor4/012-HH-1211-T1/012-HH-1211-T1_bra
ins__35.png used on input line 495.
(pdftex.def)             Requested size: 71.13013pt x 71.13556pt.

<include/grp2/factor4/012-HH-1211-T1/012-HH-1211-T1_brains__zeroPadding_35.png,
 id=416, 136.15668pt x 120.83543pt>
File: include/grp2/factor4/012-HH-1211-T1/012-HH-1211-T1_brains__zeroPadding_35
.png Graphic file (type png)

<use include/grp2/factor4/012-HH-1211-T1/012-HH-1211-T1_brains__zeroPadding_35.
png>
Package pdftex.def Info: include/grp2/factor4/012-HH-1211-T1/012-HH-1211-T1_bra
ins__zeroPadding_35.png used on input line 496.
(pdftex.def)             Requested size: 71.13013pt x 71.13556pt.

<include/grp2/factor4/012-HH-1211-T1/012-HH-1211-T1_brains__CS_35.png, id=417, 
136.15668pt x 120.83543pt>
File: include/grp2/factor4/012-HH-1211-T1/012-HH-1211-T1_brains__CS_35.png Grap
hic file (type png)

<use include/grp2/factor4/012-HH-1211-T1/012-HH-1211-T1_brains__CS_35.png>
Package pdftex.def Info: include/grp2/factor4/012-HH-1211-T1/012-HH-1211-T1_bra
ins__CS_35.png used on input line 496.
(pdftex.def)             Requested size: 71.13013pt x 71.13556pt.

<include/grp2/factor4/012-HH-1211-T1/012-HH-1211-T1_brains__IMCNNL2TUNE_35.png,
 id=418, 136.15668pt x 120.83543pt>
File: include/grp2/factor4/012-HH-1211-T1/012-HH-1211-T1_brains__IMCNNL2TUNE_35
.png Graphic file (type png)

<use include/grp2/factor4/012-HH-1211-T1/012-HH-1211-T1_brains__IMCNNL2TUNE_35.
png>
Package pdftex.def Info: include/grp2/factor4/012-HH-1211-T1/012-HH-1211-T1_bra
ins__IMCNNL2TUNE_35.png used on input line 496.
(pdftex.def)             Requested size: 71.13013pt x 71.13556pt.

<include/grp2/factor4/012-HH-1211-T1/012-HH-1211-T1_brains__predict_35.png, id=
419, 136.15668pt x 120.83543pt>
File: include/grp2/factor4/012-HH-1211-T1/012-HH-1211-T1_brains__predict_35.png
 Graphic file (type png)

<use include/grp2/factor4/012-HH-1211-T1/012-HH-1211-T1_brains__predict_35.png>
Package pdftex.def Info: include/grp2/factor4/012-HH-1211-T1/012-HH-1211-T1_bra
ins__predict_35.png used on input line 496.
(pdftex.def)             Requested size: 71.13013pt x 71.13556pt.

Overfull \hbox (5.64223pt too wide) in paragraph at lines 500--500
[]|[]|  
 []


Overfull \vbox (19.67944pt too high) detected at line 500
 []


<include/grp2/factor4/012-HH-1211-T1/012-HH-1211-T1_segs__35.png, id=420, 136.1
5668pt x 120.83543pt>
File: include/grp2/factor4/012-HH-1211-T1/012-HH-1211-T1_segs__35.png Graphic f
ile (type png)

<use include/grp2/factor4/012-HH-1211-T1/012-HH-1211-T1_segs__35.png>
Package pdftex.def Info: include/grp2/factor4/012-HH-1211-T1/012-HH-1211-T1_seg
s__35.png used on input line 502.
(pdftex.def)             Requested size: 71.13013pt x 71.13556pt.

<include/grp2/factor4/012-HH-1211-T1/012-HH-1211-T1_segs__zeroPadding_35.png, i
d=421, 136.15668pt x 120.83543pt>
File: include/grp2/factor4/012-HH-1211-T1/012-HH-1211-T1_segs__zeroPadding_35.p
ng Graphic file (type png)

<use include/grp2/factor4/012-HH-1211-T1/012-HH-1211-T1_segs__zeroPadding_35.pn
g>
Package pdftex.def Info: include/grp2/factor4/012-HH-1211-T1/012-HH-1211-T1_seg
s__zeroPadding_35.png used on input line 503.
(pdftex.def)             Requested size: 71.13013pt x 71.13556pt.

<include/grp2/factor4/012-HH-1211-T1/012-HH-1211-T1_segs__CS_35.png, id=422, 13
6.15668pt x 120.83543pt>
File: include/grp2/factor4/012-HH-1211-T1/012-HH-1211-T1_segs__CS_35.png Graphi
c file (type png)

<use include/grp2/factor4/012-HH-1211-T1/012-HH-1211-T1_segs__CS_35.png>
Package pdftex.def Info: include/grp2/factor4/012-HH-1211-T1/012-HH-1211-T1_seg
s__CS_35.png used on input line 503.
(pdftex.def)             Requested size: 71.13013pt x 71.13556pt.

<include/grp2/factor4/012-HH-1211-T1/012-HH-1211-T1_segs__IMCNNL2TUNE_35.png, i
d=423, 136.15668pt x 120.83543pt>
File: include/grp2/factor4/012-HH-1211-T1/012-HH-1211-T1_segs__IMCNNL2TUNE_35.p
ng Graphic file (type png)

<use include/grp2/factor4/012-HH-1211-T1/012-HH-1211-T1_segs__IMCNNL2TUNE_35.pn
g>
Package pdftex.def Info: include/grp2/factor4/012-HH-1211-T1/012-HH-1211-T1_seg
s__IMCNNL2TUNE_35.png used on input line 503.
(pdftex.def)             Requested size: 71.13188pt x 63.1261pt.

<include/grp2/factor4/012-HH-1211-T1/012-HH-1211-T1_segs__predict_35.png, id=42
4, 136.15668pt x 120.83543pt>
File: include/grp2/factor4/012-HH-1211-T1/012-HH-1211-T1_segs__predict_35.png G
raphic file (type png)

<use include/grp2/factor4/012-HH-1211-T1/012-HH-1211-T1_segs__predict_35.png>
Package pdftex.def Info: include/grp2/factor4/012-HH-1211-T1/012-HH-1211-T1_seg
s__predict_35.png used on input line 503.
(pdftex.def)             Requested size: 71.13013pt x 71.13556pt.

[15]
Overfull \hbox (4.08705pt too wide) in paragraph at lines 519--519
[]|[]|  
 []


Overfull \vbox (40.44405pt too high) detected at line 519
 []


<include/grp2/factor2/019-Guys-0702-T1/019-Guys-0702-T1_images__78.png, id=429,
 136.15668pt x 130.37508pt>
File: include/grp2/factor2/019-Guys-0702-T1/019-Guys-0702-T1_images__78.png Gra
phic file (type png)

<use include/grp2/factor2/019-Guys-0702-T1/019-Guys-0702-T1_images__78.png>
Package pdftex.def Info: include/grp2/factor2/019-Guys-0702-T1/019-Guys-0702-T1
_images__78.png used on input line 521.
(pdftex.def)             Requested size: 71.13013pt x 71.13556pt.

<include/grp2/factor2/019-Guys-0702-T1/019-Guys-0702-T1_images__zeroPadding_78.
png, id=430, 136.15668pt x 130.37508pt>
File: include/grp2/factor2/019-Guys-0702-T1/019-Guys-0702-T1_images__zeroPaddin
g_78.png Graphic file (type png)

<use include/grp2/factor2/019-Guys-0702-T1/019-Guys-0702-T1_images__zeroPadding
_78.png>
Package pdftex.def Info: include/grp2/factor2/019-Guys-0702-T1/019-Guys-0702-T1
_images__zeroPadding_78.png used on input line 522.
(pdftex.def)             Requested size: 71.13013pt x 71.13556pt.

<include/grp2/factor2/019-Guys-0702-T1/019-Guys-0702-T1_images__CS_78.png, id=4
31, 136.15668pt x 130.37508pt>
File: include/grp2/factor2/019-Guys-0702-T1/019-Guys-0702-T1_images__CS_78.png 
Graphic file (type png)

<use include/grp2/factor2/019-Guys-0702-T1/019-Guys-0702-T1_images__CS_78.png>
Package pdftex.def Info: include/grp2/factor2/019-Guys-0702-T1/019-Guys-0702-T1
_images__CS_78.png used on input line 522.
(pdftex.def)             Requested size: 71.13013pt x 71.13556pt.

<include/grp2/factor2/019-Guys-0702-T1/019-Guys-0702-T1_images__IMCNNL2TUNE_78.
png, id=432, 136.15668pt x 130.37508pt>
File: include/grp2/factor2/019-Guys-0702-T1/019-Guys-0702-T1_images__IMCNNL2TUN
E_78.png Graphic file (type png)

<use include/grp2/factor2/019-Guys-0702-T1/019-Guys-0702-T1_images__IMCNNL2TUNE
_78.png>
Package pdftex.def Info: include/grp2/factor2/019-Guys-0702-T1/019-Guys-0702-T1
_images__IMCNNL2TUNE_78.png used on input line 522.
(pdftex.def)             Requested size: 71.13013pt x 71.13556pt.

<include/grp2/factor2/019-Guys-0702-T1/019-Guys-0702-T1_images__predict_78.png,
 id=433, 136.15668pt x 130.37508pt>
File: include/grp2/factor2/019-Guys-0702-T1/019-Guys-0702-T1_images__predict_78
.png Graphic file (type png)

<use include/grp2/factor2/019-Guys-0702-T1/019-Guys-0702-T1_images__predict_78.
png>
Package pdftex.def Info: include/grp2/factor2/019-Guys-0702-T1/019-Guys-0702-T1
_images__predict_78.png used on input line 522.
(pdftex.def)             Requested size: 71.13013pt x 71.13556pt.

Overfull \hbox (4.08705pt too wide) in paragraph at lines 526--526
[]|[]|  
 []


Overfull \vbox (18.32306pt too high) detected at line 526
 []


<include/grp2/factor2/019-Guys-0702-T1/019-Guys-0702-T1_images__zoom_78.png, id
=434, 136.15668pt x 165.93192pt>
File: include/grp2/factor2/019-Guys-0702-T1/019-Guys-0702-T1_images__zoom_78.pn
g Graphic file (type png)

<use include/grp2/factor2/019-Guys-0702-T1/019-Guys-0702-T1_images__zoom_78.png
>
Package pdftex.def Info: include/grp2/factor2/019-Guys-0702-T1/019-Guys-0702-T1
_images__zoom_78.png used on input line 528.
(pdftex.def)             Requested size: 71.13013pt x 71.13158pt.

<include/grp2/factor2/019-Guys-0702-T1/019-Guys-0702-T1_images__zeroPadding_zoo
m_78.png, id=435, 136.15668pt x 165.93192pt>
File: include/grp2/factor2/019-Guys-0702-T1/019-Guys-0702-T1_images__zeroPaddin
g_zoom_78.png Graphic file (type png)

<use include/grp2/factor2/019-Guys-0702-T1/019-Guys-0702-T1_images__zeroPadding
_zoom_78.png>
Package pdftex.def Info: include/grp2/factor2/019-Guys-0702-T1/019-Guys-0702-T1
_images__zeroPadding_zoom_78.png used on input line 529.
(pdftex.def)             Requested size: 71.13013pt x 71.13158pt.

<include/grp2/factor2/019-Guys-0702-T1/019-Guys-0702-T1_images__CS_zoom_78.png,
 id=436, 136.15668pt x 165.93192pt>
File: include/grp2/factor2/019-Guys-0702-T1/019-Guys-0702-T1_images__CS_zoom_78
.png Graphic file (type png)

<use include/grp2/factor2/019-Guys-0702-T1/019-Guys-0702-T1_images__CS_zoom_78.
png>
Package pdftex.def Info: include/grp2/factor2/019-Guys-0702-T1/019-Guys-0702-T1
_images__CS_zoom_78.png used on input line 530.
(pdftex.def)             Requested size: 71.13013pt x 71.13158pt.

<include/grp2/factor2/019-Guys-0702-T1/019-Guys-0702-T1_images__IMCNNL2TUNE_zoo
m_78.png, id=437, 136.15668pt x 165.93192pt>
File: include/grp2/factor2/019-Guys-0702-T1/019-Guys-0702-T1_images__IMCNNL2TUN
E_zoom_78.png Graphic file (type png)

<use include/grp2/factor2/019-Guys-0702-T1/019-Guys-0702-T1_images__IMCNNL2TUNE
_zoom_78.png>
Package pdftex.def Info: include/grp2/factor2/019-Guys-0702-T1/019-Guys-0702-T1
_images__IMCNNL2TUNE_zoom_78.png used on input line 530.
(pdftex.def)             Requested size: 71.13013pt x 71.13158pt.

<include/grp2/factor2/019-Guys-0702-T1/019-Guys-0702-T1_images__predict_zoom_78
.png, id=438, 136.15668pt x 165.93192pt>
File: include/grp2/factor2/019-Guys-0702-T1/019-Guys-0702-T1_images__predict_zo
om_78.png Graphic file (type png)

<use include/grp2/factor2/019-Guys-0702-T1/019-Guys-0702-T1_images__predict_zoo
m_78.png>
Package pdftex.def Info: include/grp2/factor2/019-Guys-0702-T1/019-Guys-0702-T1
_images__predict_zoom_78.png used on input line 530.
(pdftex.def)             Requested size: 71.13013pt x 71.13158pt.

Overfull \hbox (4.08705pt too wide) in paragraph at lines 534--534
[]|[]|  
 []


<include/grp2/factor2/019-Guys-0702-T1/019-Guys-0702-T1_brains__78.png, id=439,
 136.15668pt x 129.21877pt>
File: include/grp2/factor2/019-Guys-0702-T1/019-Guys-0702-T1_brains__78.png Gra
phic file (type png)

<use include/grp2/factor2/019-Guys-0702-T1/019-Guys-0702-T1_brains__78.png>
Package pdftex.def Info: include/grp2/factor2/019-Guys-0702-T1/019-Guys-0702-T1
_brains__78.png used on input line 536.
(pdftex.def)             Requested size: 71.13013pt x 71.1356pt.

<include/grp2/factor2/019-Guys-0702-T1/019-Guys-0702-T1_brains__zeroPadding_78.
png, id=440, 136.15668pt x 129.21877pt>
File: include/grp2/factor2/019-Guys-0702-T1/019-Guys-0702-T1_brains__zeroPaddin
g_78.png Graphic file (type png)

<use include/grp2/factor2/019-Guys-0702-T1/019-Guys-0702-T1_brains__zeroPadding
_78.png>
Package pdftex.def Info: include/grp2/factor2/019-Guys-0702-T1/019-Guys-0702-T1
_brains__zeroPadding_78.png used on input line 537.
(pdftex.def)             Requested size: 71.13013pt x 71.1356pt.

<include/grp2/factor2/019-Guys-0702-T1/019-Guys-0702-T1_brains__CS_78.png, id=4
41, 136.15668pt x 129.21877pt>
File: include/grp2/factor2/019-Guys-0702-T1/019-Guys-0702-T1_brains__CS_78.png 
Graphic file (type png)

<use include/grp2/factor2/019-Guys-0702-T1/019-Guys-0702-T1_brains__CS_78.png>
Package pdftex.def Info: include/grp2/factor2/019-Guys-0702-T1/019-Guys-0702-T1
_brains__CS_78.png used on input line 537.
(pdftex.def)             Requested size: 71.13013pt x 71.1356pt.

<include/grp2/factor2/019-Guys-0702-T1/019-Guys-0702-T1_brains__IMCNNL2TUNE_78.
png, id=442, 136.15668pt x 129.21877pt>
File: include/grp2/factor2/019-Guys-0702-T1/019-Guys-0702-T1_brains__IMCNNL2TUN
E_78.png Graphic file (type png)

<use include/grp2/factor2/019-Guys-0702-T1/019-Guys-0702-T1_brains__IMCNNL2TUNE
_78.png>
Package pdftex.def Info: include/grp2/factor2/019-Guys-0702-T1/019-Guys-0702-T1
_brains__IMCNNL2TUNE_78.png used on input line 537.
(pdftex.def)             Requested size: 71.13013pt x 71.1356pt.

<include/grp2/factor2/019-Guys-0702-T1/019-Guys-0702-T1_brains__predict_78.png,
 id=443, 136.15668pt x 129.21877pt>
File: include/grp2/factor2/019-Guys-0702-T1/019-Guys-0702-T1_brains__predict_78
.png Graphic file (type png)

<use include/grp2/factor2/019-Guys-0702-T1/019-Guys-0702-T1_brains__predict_78.
png>
Package pdftex.def Info: include/grp2/factor2/019-Guys-0702-T1/019-Guys-0702-T1
_brains__predict_78.png used on input line 537.
(pdftex.def)             Requested size: 71.13013pt x 71.1356pt.

Overfull \hbox (5.64223pt too wide) in paragraph at lines 541--541
[]|[]|  
 []


Overfull \vbox (19.67944pt too high) detected at line 541
 []


<include/grp2/factor2/019-Guys-0702-T1/019-Guys-0702-T1_segs__78.png, id=444, 1
36.15668pt x 129.21877pt>
File: include/grp2/factor2/019-Guys-0702-T1/019-Guys-0702-T1_segs__78.png Graph
ic file (type png)

<use include/grp2/factor2/019-Guys-0702-T1/019-Guys-0702-T1_segs__78.png>
Package pdftex.def Info: include/grp2/factor2/019-Guys-0702-T1/019-Guys-0702-T1
_segs__78.png used on input line 543.
(pdftex.def)             Requested size: 71.13013pt x 71.1356pt.

<include/grp2/factor2/019-Guys-0702-T1/019-Guys-0702-T1_segs__zeroPadding_78.pn
g, id=445, 136.15668pt x 129.21877pt>
File: include/grp2/factor2/019-Guys-0702-T1/019-Guys-0702-T1_segs__zeroPadding_
78.png Graphic file (type png)

<use include/grp2/factor2/019-Guys-0702-T1/019-Guys-0702-T1_segs__zeroPadding_7
8.png>
Package pdftex.def Info: include/grp2/factor2/019-Guys-0702-T1/019-Guys-0702-T1
_segs__zeroPadding_78.png used on input line 544.
(pdftex.def)             Requested size: 71.13013pt x 71.1356pt.

<include/grp2/factor2/019-Guys-0702-T1/019-Guys-0702-T1_segs__CS_78.png, id=446
, 136.15668pt x 129.21877pt>
File: include/grp2/factor2/019-Guys-0702-T1/019-Guys-0702-T1_segs__CS_78.png Gr
aphic file (type png)

<use include/grp2/factor2/019-Guys-0702-T1/019-Guys-0702-T1_segs__CS_78.png>
Package pdftex.def Info: include/grp2/factor2/019-Guys-0702-T1/019-Guys-0702-T1
_segs__CS_78.png used on input line 544.
(pdftex.def)             Requested size: 71.13013pt x 71.1356pt.

<include/grp2/factor2/019-Guys-0702-T1/019-Guys-0702-T1_segs__IMCNNL2TUNE_78.pn
g, id=447, 136.15668pt x 129.21877pt>
File: include/grp2/factor2/019-Guys-0702-T1/019-Guys-0702-T1_segs__IMCNNL2TUNE_
78.png Graphic file (type png)

<use include/grp2/factor2/019-Guys-0702-T1/019-Guys-0702-T1_segs__IMCNNL2TUNE_7
8.png>
Package pdftex.def Info: include/grp2/factor2/019-Guys-0702-T1/019-Guys-0702-T1
_segs__IMCNNL2TUNE_78.png used on input line 544.
(pdftex.def)             Requested size: 71.13188pt x 67.50566pt.

<include/grp2/factor2/019-Guys-0702-T1/019-Guys-0702-T1_segs__predict_78.png, i
d=448, 136.15668pt x 129.21877pt>
File: include/grp2/factor2/019-Guys-0702-T1/019-Guys-0702-T1_segs__predict_78.p
ng Graphic file (type png)

<use include/grp2/factor2/019-Guys-0702-T1/019-Guys-0702-T1_segs__predict_78.pn
g>
Package pdftex.def Info: include/grp2/factor2/019-Guys-0702-T1/019-Guys-0702-T1
_segs__predict_78.png used on input line 544.
(pdftex.def)             Requested size: 71.13013pt x 71.1356pt.
 [16 <./include/grp2/factor4/012-HH-1211-T1/012-HH-1211-T1_images__35.png> <./i
nclude/grp2/factor4/012-HH-1211-T1/012-HH-1211-T1_images__zeroPadding_35.png> <
./include/grp2/factor4/012-HH-1211-T1/012-HH-1211-T1_images__CS_35.png> <./incl
ude/grp2/factor4/012-HH-1211-T1/012-HH-1211-T1_images__IMCNNL2TUNE_35.png> <./i
nclude/grp2/factor4/012-HH-1211-T1/012-HH-1211-T1_images__predict_35.png> <./in
clude/grp2/factor4/012-HH-1211-T1/012-HH-1211-T1_images__zoom_35.png> <./includ
e/grp2/factor4/012-HH-1211-T1/012-HH-1211-T1_images__zeroPadding_zoom_35.png> <
./include/grp2/factor4/012-HH-1211-T1/012-HH-1211-T1_images__CS_zoom_35.png> <.
/include/grp2/factor4/012-HH-1211-T1/012-HH-1211-T1_images__IMCNNL2TUNE_zoom_35
.png> <./include/grp2/factor4/012-HH-1211-T1/012-HH-1211-T1_images__predict_zoo
m_35.png> <./include/grp2/factor4/012-HH-1211-T1/012-HH-1211-T1_brains__35.png>
 <./include/grp2/factor4/012-HH-1211-T1/012-HH-1211-T1_brains__zeroPadding_35.p
ng> <./include/grp2/factor4/012-HH-1211-T1/012-HH-1211-T1_brains__CS_35.png> <.
/include/grp2/factor4/012-HH-1211-T1/012-HH-1211-T1_brains__IMCNNL2TUNE_35.png>
 <./include/grp2/factor4/012-HH-1211-T1/012-HH-1211-T1_brains__predict_35.png> 
<./include/grp2/factor4/012-HH-1211-T1/012-HH-1211-T1_segs__35.png> <./include/
grp2/factor4/012-HH-1211-T1/012-HH-1211-T1_segs__zeroPadding_35.png> <./include
/grp2/factor4/012-HH-1211-T1/012-HH-1211-T1_segs__CS_35.png> <./include/grp2/fa
ctor4/012-HH-1211-T1/012-HH-1211-T1_segs__IMCNNL2TUNE_35.png> <./include/grp2/f
actor4/012-HH-1211-T1/012-HH-1211-T1_segs__predict_35.png>] (./paper.bbl
[17 <./include/grp2/factor2/019-Guys-0702-T1/019-Guys-0702-T1_images__78.png> <
./include/grp2/factor2/019-Guys-0702-T1/019-Guys-0702-T1_images__zeroPadding_78
.png> <./include/grp2/factor2/019-Guys-0702-T1/019-Guys-0702-T1_images__CS_78.p
ng> <./include/grp2/factor2/019-Guys-0702-T1/019-Guys-0702-T1_images__IMCNNL2TU
NE_78.png> <./include/grp2/factor2/019-Guys-0702-T1/019-Guys-0702-T1_images__pr
edict_78.png> <./include/grp2/factor2/019-Guys-0702-T1/019-Guys-0702-T1_images_
_zoom_78.png> <./include/grp2/factor2/019-Guys-0702-T1/019-Guys-0702-T1_images_
_zeroPadding_zoom_78.png> <./include/grp2/factor2/019-Guys-0702-T1/019-Guys-070
2-T1_images__CS_zoom_78.png> <./include/grp2/factor2/019-Guys-0702-T1/019-Guys-
0702-T1_images__IMCNNL2TUNE_zoom_78.png> <./include/grp2/factor2/019-Guys-0702-
T1/019-Guys-0702-T1_images__predict_zoom_78.png> <./include/grp2/factor2/019-Gu
ys-0702-T1/019-Guys-0702-T1_brains__78.png> <./include/grp2/factor2/019-Guys-07
02-T1/019-Guys-0702-T1_brains__zeroPadding_78.png> <./include/grp2/factor2/019-
Guys-0702-T1/019-Guys-0702-T1_brains__CS_78.png> <./include/grp2/factor2/019-Gu
ys-0702-T1/019-Guys-0702-T1_brains__IMCNNL2TUNE_78.png> <./include/grp2/factor2
/019-Guys-0702-T1/019-Guys-0702-T1_brains__predict_78.png> <./include/grp2/fact
or2/019-Guys-0702-T1/019-Guys-0702-T1_segs__78.png> <./include/grp2/factor2/019
-Guys-0702-T1/019-Guys-0702-T1_segs__zeroPadding_78.png> <./include/grp2/factor
2/019-Guys-0702-T1/019-Guys-0702-T1_segs__CS_78.png> <./include/grp2/factor2/01
9-Guys-0702-T1/019-Guys-0702-T1_segs__IMCNNL2TUNE_78.png> <./include/grp2/facto
r2/019-Guys-0702-T1/019-Guys-0702-T1_segs__predict_78.png>] [18] [19])
Package atveryend Info: Empty hook `BeforeClearDocument' on input line 559.
 [20]
Package atveryend Info: Empty hook `AfterLastShipout' on input line 559.

(./paper.aux)
Package atveryend Info: Executing hook `AtVeryEndDocument' on input line 559.
Package atveryend Info: Executing hook `AtEndAfterFileList' on input line 559.
Package rerunfilecheck Info: File `paper.out' has not changed.
(rerunfilecheck)             Checksum: 8933912466EB4A25C3C61C339CB1AF73;639.
Package atveryend Info: Empty hook `AtVeryVeryEnd' on input line 559.
 ) 
Here is how much of TeX's memory you used:
 11000 strings out of 494953
 177295 string characters out of 6180978
 261514 words of memory out of 5000000
 13878 multiletter control sequences out of 15000+600000
 23813 words of font info for 65 fonts, out of 8000000 for 9000
 14 hyphenation exceptions out of 8191
 44i,17n,87p,1079b,588s stack positions out of 5000i,500n,10000p,200000b,80000s
 </home/ohadsh/.texmf-var/fonts/pk/ljfour/jknappen/ec/ecbx0700.600pk> </home/
ohadsh/.texmf-var/fonts/pk/ljfour/jknappen/ec/ectt0800.600pk> </home/ohadsh/.te
xmf-var/fonts/pk/ljfour/jknappen/ec/ecrm0600.600pk> </home/ohadsh/.texmf-var/fo
nts/pk/ljfour/jknappen/ec/ecrm0700.600pk> </home/ohadsh/.texmf-var/fonts/pk/ljf
our/jknappen/ec/ecrm0800.600pk> </home/ohadsh/.texmf-var/fonts/pk/ljfour/jknapp
en/ec/ecss0500.600pk> </home/ohadsh/.texmf-var/fonts/pk/ljfour/jknappen/ec/ecti
0600.600pk> </home/ohadsh/.texmf-var/fonts/pk/ljfour/jknappen/ec/ecti1000.600pk
> </home/ohadsh/.texmf-var/fonts/pk/ljfour/jknappen/ec/ecbx1000.600pk> </home/o
hadsh/.texmf-var/fonts/pk/ljfour/jknappen/ec/ecti0800.600pk> </home/ohadsh/.tex
mf-var/fonts/pk/ljfour/jknappen/ec/ecrm1000.600pk> </home/ohadsh/.texmf-var/fon
ts/pk/ljfour/jknappen/ec/ecrm1440.600pk></usr/share/texlive/texmf-dist/fonts/ty
pe1/public/amsfonts/cm/cmex10.pfb></usr/share/texlive/texmf-dist/fonts/type1/pu
blic/amsfonts/cm/cmmi10.pfb></usr/share/texlive/texmf-dist/fonts/type1/public/a
msfonts/cm/cmmi5.pfb></usr/share/texlive/texmf-dist/fonts/type1/public/amsfonts
/cm/cmmi7.pfb></usr/share/texlive/texmf-dist/fonts/type1/public/amsfonts/cm/cmm
i8.pfb></usr/share/texlive/texmf-dist/fonts/type1/public/amsfonts/cm/cmmib10.pf
b></usr/share/texlive/texmf-dist/fonts/type1/public/amsfonts/cm/cmr10.pfb></usr
/share/texlive/texmf-dist/fonts/type1/public/amsfonts/cm/cmr5.pfb></usr/share/t
exlive/texmf-dist/fonts/type1/public/amsfonts/cm/cmr6.pfb></usr/share/texlive/t
exmf-dist/fonts/type1/public/amsfonts/cm/cmr7.pfb></usr/share/texlive/texmf-dis
t/fonts/type1/public/amsfonts/cm/cmr8.pfb></usr/share/texlive/texmf-dist/fonts/
type1/public/amsfonts/cm/cmsy10.pfb></usr/share/texlive/texmf-dist/fonts/type1/
public/amsfonts/cm/cmsy5.pfb></usr/share/texlive/texmf-dist/fonts/type1/public/
amsfonts/cm/cmsy7.pfb></usr/share/texlive/texmf-dist/fonts/type1/public/amsfont
s/cm/cmsy8.pfb></usr/share/texlive/texmf-dist/fonts/type1/public/amsfonts/symbo
ls/msbm10.pfb>
Output written on paper.pdf (20 pages, 4541717 bytes).
PDF statistics:
 1019 PDF objects out of 1200 (max. 8388607)
 381 compressed objects within 4 object streams
 101 named destinations out of 1000 (max. 500000)
 459 words of extra memory for PDF output out of 10000 (max. 10000000)

